2025-08-07T16:36:27 | 📚 Retrieved 0 articles from API for node ECB Policy
2025-08-07T16:36:28 | 📚 Retrieved 10 articles from API for node S&P 500
2025-08-07T16:39:18 | Added article ZY8DYZIGO to topic eurusd
2025-08-07T16:39:20 | Removed/replaced article 37YXQMKVP with new article ZY8DYZIGO for topic eurusd
2025-08-07T16:39:23 | Triggered analysis_rewriter for topic_id=eurusd due to new article ZY8DYZIGO
2025-08-07T16:39:23 | analysis_rewriter complete for topic_id=eurusd
2025-08-07T16:39:29 | Added article 3AY2YGCEX to topic eurusd
2025-08-07T16:39:31 | Removed/replaced article G4HMJAB88 with new article 3AY2YGCEX for topic eurusd
2025-08-07T16:39:33 | Triggered analysis_rewriter for topic_id=eurusd due to new article 3AY2YGCEX
2025-08-07T16:39:34 | analysis_rewriter complete for topic_id=eurusd
2025-08-07T16:39:39 | Added article Z8KRL8CSX to topic euro_inflation
2025-08-07T16:39:41 | Removed/replaced article ADNEZ2YY4 with new article Z8KRL8CSX for topic euro_inflation
2025-08-07T16:39:42 | Triggered analysis_rewriter for topic_id=euro_inflation due to new article Z8KRL8CSX
2025-08-07T16:39:42 | analysis_rewriter complete for topic_id=euro_inflation
2025-08-07T16:39:48 | Added article 1BICVQL0W to topic eurusd
2025-08-07T16:39:50 | No article replaced for topic eurusd with new article 1BICVQL0W
2025-08-07T16:39:51 | Triggered analysis_rewriter for topic_id=eurusd due to new article 1BICVQL0W
2025-08-07T16:39:52 | analysis_rewriter complete for topic_id=eurusd
2025-08-07T16:39:57 | Added article 13ICIIKWW to topic euro_inflation
2025-08-07T16:39:58 | No article replaced for topic euro_inflation with new article 13ICIIKWW
2025-08-07T16:40:00 | Triggered analysis_rewriter for topic_id=euro_inflation due to new article 13ICIIKWW
2025-08-07T16:40:00 | analysis_rewriter complete for topic_id=euro_inflation
2025-08-07T16:40:01 | 📚 Retrieved 10 articles from API for node China Macro
2025-08-07T16:40:47 | Added article 6MXIGZCLN to topic euro_inflation
2025-08-07T16:40:49 | No article replaced for topic euro_inflation with new article 6MXIGZCLN
2025-08-07T16:40:51 | Triggered analysis_rewriter for topic_id=euro_inflation due to new article 6MXIGZCLN
2025-08-07T16:40:51 | analysis_rewriter complete for topic_id=euro_inflation
2025-08-07T16:40:57 | Added article J53VLITDS to topic euro_inflation
2025-08-07T16:40:59 | No article replaced for topic euro_inflation with new article J53VLITDS
2025-08-07T16:41:00 | Triggered analysis_rewriter for topic_id=euro_inflation due to new article J53VLITDS
2025-08-07T16:41:00 | analysis_rewriter complete for topic_id=euro_inflation
2025-08-07T16:41:06 | Added article QSZXGTDH8 to topic euro_inflation
2025-08-07T16:41:07 | No article replaced for topic euro_inflation with new article QSZXGTDH8
2025-08-07T16:41:09 | Triggered analysis_rewriter for topic_id=euro_inflation due to new article QSZXGTDH8
2025-08-07T16:41:09 | analysis_rewriter complete for topic_id=euro_inflation
2025-08-07T16:41:13 | 📚 Retrieved 10 articles from API for node Copper
2025-08-07T16:41:49 | Added article 3AAXINKVG to topic euro_inflation
2025-08-07T16:41:51 | No article replaced for topic euro_inflation with new article 3AAXINKVG
2025-08-07T16:41:53 | Triggered analysis_rewriter for topic_id=euro_inflation due to new article 3AAXINKVG
2025-08-07T16:41:53 | analysis_rewriter complete for topic_id=euro_inflation
2025-08-07T16:41:59 | Added article TX2R4F8TI to topic euro_inflation
2025-08-07T16:42:01 | No article replaced for topic euro_inflation with new article TX2R4F8TI
2025-08-07T16:42:02 | Triggered analysis_rewriter for topic_id=euro_inflation due to new article TX2R4F8TI
2025-08-07T16:42:02 | analysis_rewriter complete for topic_id=euro_inflation
2025-08-07T16:42:08 | Added article J84GNEVEP to topic euro_inflation
2025-08-07T16:42:10 | Removed/replaced article BTPJV809Z with new article J84GNEVEP for topic euro_inflation
2025-08-07T16:42:12 | Triggered analysis_rewriter for topic_id=euro_inflation due to new article J84GNEVEP
2025-08-07T16:42:12 | analysis_rewriter complete for topic_id=euro_inflation
2025-08-07T16:42:17 | Added article 5R82NMT1G to topic eurusd
2025-08-07T16:42:19 | No article replaced for topic eurusd with new article 5R82NMT1G
2025-08-07T16:42:21 | Triggered analysis_rewriter for topic_id=eurusd due to new article 5R82NMT1G
2025-08-07T16:42:21 | analysis_rewriter complete for topic_id=eurusd
2025-08-07T16:42:31 | Added article 5K6GB477E to topic euro_inflation
2025-08-07T16:42:32 | Removed/replaced article NI4AFF6QJ with new article 5K6GB477E for topic euro_inflation
2025-08-07T16:42:34 | Triggered analysis_rewriter for topic_id=euro_inflation due to new article 5K6GB477E
2025-08-07T16:42:34 | analysis_rewriter complete for topic_id=euro_inflation
2025-08-07T16:42:39 | Added article 90DZKRFHH to topic us_inflation
2025-08-07T16:42:41 | Removed/replaced article QZ1TJTQ7Q with new article 90DZKRFHH for topic us_inflation
2025-08-07T16:42:42 | Triggered analysis_rewriter for topic_id=us_inflation due to new article 90DZKRFHH
2025-08-07T16:42:42 | analysis_rewriter complete for topic_id=us_inflation
2025-08-07T16:42:43 | 📚 Retrieved 0 articles from API for node Eurostoxx 50
2025-08-07T16:42:44 | 📚 Retrieved 10 articles from API for node Euro
2025-08-07T16:45:14 | Added article 1HGXF43TK to topic euro_inflation
2025-08-07T16:45:17 | Removed/replaced article 5L125D443 with new article 1HGXF43TK for topic euro_inflation
2025-08-07T16:45:19 | Triggered analysis_rewriter for topic_id=euro_inflation due to new article 1HGXF43TK
2025-08-07T16:45:20 | analysis_rewriter complete for topic_id=euro_inflation
2025-08-07T16:45:26 | Added article G9ITVCGKU to topic euro_inflation
2025-08-07T16:45:28 | No article replaced for topic euro_inflation with new article G9ITVCGKU
2025-08-07T16:45:29 | Triggered analysis_rewriter for topic_id=euro_inflation due to new article G9ITVCGKU
2025-08-07T16:45:29 | analysis_rewriter complete for topic_id=euro_inflation
2025-08-07T16:45:37 | Added article WPEZ5S8CJ to topic eurusd
2025-08-07T16:45:39 | Removed/replaced article 3AY2YGCEX with new article WPEZ5S8CJ for topic eurusd
2025-08-07T16:45:40 | Triggered analysis_rewriter for topic_id=eurusd due to new article WPEZ5S8CJ
2025-08-07T16:45:40 | analysis_rewriter complete for topic_id=eurusd
2025-08-07T16:45:47 | Added article AOJH5X5XL to topic euro_inflation
2025-08-07T16:45:49 | Removed/replaced article 6H43H17DE with new article AOJH5X5XL for topic euro_inflation
2025-08-07T16:45:51 | Triggered analysis_rewriter for topic_id=euro_inflation due to new article AOJH5X5XL
2025-08-07T16:45:52 | analysis_rewriter complete for topic_id=euro_inflation
2025-08-07T16:45:57 | Added article N2HM1407L to topic euro_inflation
2025-08-07T16:45:58 | No article replaced for topic euro_inflation with new article N2HM1407L
2025-08-07T16:46:01 | Triggered analysis_rewriter for topic_id=euro_inflation due to new article N2HM1407L
2025-08-07T16:46:01 | analysis_rewriter complete for topic_id=euro_inflation
2025-08-07T16:46:06 | Added article NQSUZ6EOJ to topic eurusd
2025-08-07T16:46:08 | No article replaced for topic eurusd with new article NQSUZ6EOJ
2025-08-07T16:46:09 | Triggered analysis_rewriter for topic_id=eurusd due to new article NQSUZ6EOJ
2025-08-07T16:46:10 | analysis_rewriter complete for topic_id=eurusd
2025-08-07T16:46:12 | 📚 Retrieved 10 articles from API for node Wheat
2025-08-07T16:49:33 | 📚 Retrieved 10 articles from API for node Copper
2025-08-07T16:51:22 | Added article TOIIAH8VE to topic eurusd
2025-08-07T16:51:24 | No article replaced for topic eurusd with new article TOIIAH8VE
2025-08-07T16:51:25 | Triggered analysis_rewriter for topic_id=eurusd due to new article TOIIAH8VE
2025-08-07T16:51:26 | analysis_rewriter complete for topic_id=eurusd
2025-08-07T16:51:31 | Added article NA1YXPRO0 to topic euro_inflation
2025-08-07T16:51:33 | No article replaced for topic euro_inflation with new article NA1YXPRO0
2025-08-07T16:51:35 | Triggered analysis_rewriter for topic_id=euro_inflation due to new article NA1YXPRO0
2025-08-07T16:51:35 | analysis_rewriter complete for topic_id=euro_inflation
2025-08-07T16:51:42 | Added article 4EDKVT90N to topic eurusd
2025-08-07T16:51:44 | No article replaced for topic eurusd with new article 4EDKVT90N
2025-08-07T16:51:46 | Triggered analysis_rewriter for topic_id=eurusd due to new article 4EDKVT90N
2025-08-07T16:51:46 | analysis_rewriter complete for topic_id=eurusd
2025-08-07T16:51:52 | Added article 19Y8QJKDA to topic eurusd
2025-08-07T16:51:54 | No article replaced for topic eurusd with new article 19Y8QJKDA
2025-08-07T16:51:55 | Triggered analysis_rewriter for topic_id=eurusd due to new article 19Y8QJKDA
2025-08-07T16:51:55 | analysis_rewriter complete for topic_id=eurusd
2025-08-07T16:52:02 | Added article FMSZP1PJ7 to topic eurusd
2025-08-07T16:52:04 | No article replaced for topic eurusd with new article FMSZP1PJ7
2025-08-07T16:52:06 | Triggered analysis_rewriter for topic_id=eurusd due to new article FMSZP1PJ7
2025-08-07T16:52:06 | analysis_rewriter complete for topic_id=eurusd
2025-08-07T16:52:13 | Added article P1D1O3XP6 to topic eurusd
2025-08-07T16:52:15 | No article replaced for topic eurusd with new article P1D1O3XP6
2025-08-07T16:52:17 | Triggered analysis_rewriter for topic_id=eurusd due to new article P1D1O3XP6
2025-08-07T16:52:17 | analysis_rewriter complete for topic_id=eurusd
2025-08-07T16:52:19 | 📚 Retrieved 10 articles from API for node Fed Policy
2025-08-07T16:53:31 | 📚 Retrieved 10 articles from API for node Euro
2025-08-07T16:55:27 | Added article MW4QOPL9L to topic eurusd
2025-08-07T16:55:29 | No article replaced for topic eurusd with new article MW4QOPL9L
2025-08-07T16:55:30 | Triggered analysis_rewriter for topic_id=eurusd due to new article MW4QOPL9L
2025-08-07T16:55:30 | analysis_rewriter complete for topic_id=eurusd
2025-08-07T16:55:36 | Added article TZUGCVYFQ to topic euro_inflation
2025-08-07T16:55:37 | Removed/replaced article AOJH5X5XL with new article TZUGCVYFQ for topic euro_inflation
2025-08-07T16:55:39 | Triggered analysis_rewriter for topic_id=euro_inflation due to new article TZUGCVYFQ
2025-08-07T16:55:39 | analysis_rewriter complete for topic_id=euro_inflation
2025-08-07T16:55:45 | Added article LHSQ8A7CP to topic eurusd
2025-08-07T16:55:47 | No article replaced for topic eurusd with new article LHSQ8A7CP
2025-08-07T16:55:49 | Triggered analysis_rewriter for topic_id=eurusd due to new article LHSQ8A7CP
2025-08-07T16:55:49 | analysis_rewriter complete for topic_id=eurusd
2025-08-07T16:55:54 | Added article BDEVTO8U6 to topic eurusd
2025-08-07T16:55:56 | No article replaced for topic eurusd with new article BDEVTO8U6
2025-08-07T16:55:58 | Triggered analysis_rewriter for topic_id=eurusd due to new article BDEVTO8U6
2025-08-07T16:55:58 | analysis_rewriter complete for topic_id=eurusd
2025-08-07T16:56:05 | Added article 5K11Y4AC8 to topic eurusd
2025-08-07T16:56:08 | No article replaced for topic eurusd with new article 5K11Y4AC8
2025-08-07T16:56:10 | Triggered analysis_rewriter for topic_id=eurusd due to new article 5K11Y4AC8
2025-08-07T16:56:10 | analysis_rewriter complete for topic_id=eurusd
2025-08-07T16:56:16 | Added article 0WKEK9JXO to topic euro_inflation
2025-08-07T16:56:17 | No article replaced for topic euro_inflation with new article 0WKEK9JXO
2025-08-07T16:56:19 | Triggered analysis_rewriter for topic_id=euro_inflation due to new article 0WKEK9JXO
2025-08-07T16:56:19 | analysis_rewriter complete for topic_id=euro_inflation
2025-08-07T16:56:25 | Added article NHDF7SIBN to topic eurusd
2025-08-07T16:56:27 | Removed/replaced article 5R82NMT1G with new article NHDF7SIBN for topic eurusd
2025-08-07T16:56:28 | Triggered analysis_rewriter for topic_id=eurusd due to new article NHDF7SIBN
2025-08-07T16:56:29 | analysis_rewriter complete for topic_id=eurusd
2025-08-07T16:56:34 | Added article DQNOZMUU8 to topic euro_inflation
2025-08-07T16:56:35 | Removed/replaced article N2HM1407L with new article DQNOZMUU8 for topic euro_inflation
2025-08-07T16:56:37 | Triggered analysis_rewriter for topic_id=euro_inflation due to new article DQNOZMUU8
2025-08-07T16:56:37 | analysis_rewriter complete for topic_id=euro_inflation
2025-08-07T16:56:38 | 📚 Retrieved 0 articles from API for node Euribor
2025-08-07T16:56:39 | 📚 Retrieved 10 articles from API for node Copper
2025-08-07T16:58:31 | Added article U1OIYNNXZ to topic euro_inflation
2025-08-07T16:58:32 | No article replaced for topic euro_inflation with new article U1OIYNNXZ
2025-08-07T16:58:35 | Triggered analysis_rewriter for topic_id=euro_inflation due to new article U1OIYNNXZ
2025-08-07T16:58:35 | analysis_rewriter complete for topic_id=euro_inflation
2025-08-07T16:58:39 | Added article A9DOX26DE to topic euro_inflation
2025-08-07T16:58:41 | No article replaced for topic euro_inflation with new article A9DOX26DE
2025-08-07T16:58:43 | Triggered analysis_rewriter for topic_id=euro_inflation due to new article A9DOX26DE
2025-08-07T16:58:43 | analysis_rewriter complete for topic_id=euro_inflation
2025-08-07T16:58:49 | Added article XURSFQ9XP to topic eurusd
2025-08-07T16:58:50 | No article replaced for topic eurusd with new article XURSFQ9XP
2025-08-07T16:58:52 | Triggered analysis_rewriter for topic_id=eurusd due to new article XURSFQ9XP
2025-08-07T16:58:53 | analysis_rewriter complete for topic_id=eurusd
2025-08-07T16:58:57 | Added article 9R40NJVCA to topic euro_inflation
2025-08-07T16:58:59 | No article replaced for topic euro_inflation with new article 9R40NJVCA
2025-08-07T16:59:00 | Triggered analysis_rewriter for topic_id=euro_inflation due to new article 9R40NJVCA
2025-08-07T16:59:00 | analysis_rewriter complete for topic_id=euro_inflation
2025-08-07T16:59:06 | Added article 5HLZNKNBS to topic euro_inflation
2025-08-07T16:59:09 | Removed/replaced article D0YRZX8U1 with new article 5HLZNKNBS for topic euro_inflation
2025-08-07T16:59:12 | Triggered analysis_rewriter for topic_id=euro_inflation due to new article 5HLZNKNBS
2025-08-07T16:59:12 | analysis_rewriter complete for topic_id=euro_inflation
2025-08-07T16:59:16 | Added article 0TJ3AUM04 to topic eurusd
2025-08-07T16:59:19 | Removed/replaced article LHSQ8A7CP with new article 0TJ3AUM04 for topic eurusd
2025-08-07T16:59:21 | Triggered analysis_rewriter for topic_id=eurusd due to new article 0TJ3AUM04
2025-08-07T16:59:21 | analysis_rewriter complete for topic_id=eurusd
2025-08-07T16:59:21 | 📚 Retrieved 10 articles from API for node China Macro
2025-08-07T17:02:27 | Added article 5IYTZK6J0 to topic eurusd
2025-08-07T17:02:29 | Removed/replaced article 4X75DQ7M8 with new article 5IYTZK6J0 for topic eurusd
2025-08-07T17:02:31 | Triggered analysis_rewriter for topic_id=eurusd due to new article 5IYTZK6J0
2025-08-07T17:02:31 | analysis_rewriter complete for topic_id=eurusd
2025-08-07T17:02:38 | Added article XNSNSWTIO to topic euro_inflation
2025-08-07T17:02:40 | No article replaced for topic euro_inflation with new article XNSNSWTIO
2025-08-07T17:02:42 | Triggered analysis_rewriter for topic_id=euro_inflation due to new article XNSNSWTIO
2025-08-07T17:02:42 | analysis_rewriter complete for topic_id=euro_inflation
2025-08-07T17:02:49 | Added article R3IN2S2O8 to topic eurusd
2025-08-07T17:02:54 | Removed/replaced article 5IYTZK6J0 with new article R3IN2S2O8 for topic eurusd
2025-08-07T17:02:56 | Triggered analysis_rewriter for topic_id=eurusd due to new article R3IN2S2O8
2025-08-07T17:02:56 | analysis_rewriter complete for topic_id=eurusd
2025-08-07T17:03:03 | Added article QV8YQC2LQ to topic euro_inflation
2025-08-07T17:03:05 | No article replaced for topic euro_inflation with new article QV8YQC2LQ
2025-08-07T17:03:07 | Triggered analysis_rewriter for topic_id=euro_inflation due to new article QV8YQC2LQ
2025-08-07T17:03:07 | analysis_rewriter complete for topic_id=euro_inflation
2025-08-07T17:03:14 | Added article U407KSE5A to topic eurusd
2025-08-07T17:03:17 | No article replaced for topic eurusd with new article U407KSE5A
2025-08-07T17:03:20 | Triggered analysis_rewriter for topic_id=eurusd due to new article U407KSE5A
2025-08-07T17:03:21 | analysis_rewriter complete for topic_id=eurusd
2025-08-07T17:03:26 | Added article 7KV3QDSEO to topic euro_inflation
2025-08-07T17:03:28 | No article replaced for topic euro_inflation with new article 7KV3QDSEO
2025-08-07T17:03:29 | Triggered analysis_rewriter for topic_id=euro_inflation due to new article 7KV3QDSEO
2025-08-07T17:03:30 | analysis_rewriter complete for topic_id=euro_inflation
2025-08-07T17:03:35 | Added article Y2QT9BR2S to topic euro_inflation
2025-08-07T17:03:38 | No article replaced for topic euro_inflation with new article Y2QT9BR2S
2025-08-07T17:03:40 | Triggered analysis_rewriter for topic_id=euro_inflation due to new article Y2QT9BR2S
2025-08-07T17:03:41 | analysis_rewriter complete for topic_id=euro_inflation
2025-08-07T17:03:46 | Added article 1RWMSGRSU to topic eurusd
2025-08-07T17:03:48 | No article replaced for topic eurusd with new article 1RWMSGRSU
2025-08-07T17:03:51 | Triggered analysis_rewriter for topic_id=eurusd due to new article 1RWMSGRSU
2025-08-07T17:03:51 | analysis_rewriter complete for topic_id=eurusd
2025-08-07T17:03:56 | Added article 1K3HT66I8 to topic euro_inflation
2025-08-07T17:04:06 | Triggered analysis_rewriter for topic_id=euro_inflation due to new article 1K3HT66I8
2025-08-07T17:04:06 | analysis_rewriter complete for topic_id=euro_inflation
2025-08-07T17:04:12 | Added article H6LLVYQ4R to topic eurusd
2025-08-07T17:04:16 | No article replaced for topic eurusd with new article H6LLVYQ4R
2025-08-07T17:04:19 | Triggered analysis_rewriter for topic_id=eurusd due to new article H6LLVYQ4R
2025-08-07T17:04:19 | analysis_rewriter complete for topic_id=eurusd
2025-08-07T17:04:20 | 📚 Retrieved 10 articles from API for node Oil
2025-08-07T17:05:46 | Added article AHSF2IZI2 to topic eurusd
2025-08-07T17:05:49 | No article replaced for topic eurusd with new article AHSF2IZI2
2025-08-07T17:05:51 | Triggered analysis_rewriter for topic_id=eurusd due to new article AHSF2IZI2
2025-08-07T17:05:51 | analysis_rewriter complete for topic_id=eurusd
2025-08-07T17:05:57 | Added article 6T8P91JMQ to topic eurusd
2025-08-07T17:05:59 | No article replaced for topic eurusd with new article 6T8P91JMQ
2025-08-07T17:06:01 | Triggered analysis_rewriter for topic_id=eurusd due to new article 6T8P91JMQ
2025-08-07T17:06:01 | analysis_rewriter complete for topic_id=eurusd
2025-08-07T17:06:07 | Added article 23WO47S2I to topic euro_inflation
2025-08-07T17:06:09 | No article replaced for topic euro_inflation with new article 23WO47S2I
2025-08-07T17:06:11 | Triggered analysis_rewriter for topic_id=euro_inflation due to new article 23WO47S2I
2025-08-07T17:06:11 | analysis_rewriter complete for topic_id=euro_inflation
2025-08-07T17:06:17 | Added article L1XNKDWSK to topic euro_inflation
2025-08-07T17:06:19 | No article replaced for topic euro_inflation with new article L1XNKDWSK
2025-08-07T17:06:20 | Triggered analysis_rewriter for topic_id=euro_inflation due to new article L1XNKDWSK
2025-08-07T17:06:20 | analysis_rewriter complete for topic_id=euro_inflation
2025-08-07T17:06:26 | Added article VJDS8CDRJ to topic euro_inflation
2025-08-07T17:06:28 | No article replaced for topic euro_inflation with new article VJDS8CDRJ
2025-08-07T17:06:30 | Triggered analysis_rewriter for topic_id=euro_inflation due to new article VJDS8CDRJ
2025-08-07T17:06:30 | analysis_rewriter complete for topic_id=euro_inflation
2025-08-07T17:06:36 | Added article VZ1R3S05C to topic euro_inflation
2025-08-07T17:06:38 | Removed/replaced article Z8KRL8CSX with new article VZ1R3S05C for topic euro_inflation
2025-08-07T17:06:40 | Triggered analysis_rewriter for topic_id=euro_inflation due to new article VZ1R3S05C
2025-08-07T17:06:40 | analysis_rewriter complete for topic_id=euro_inflation
2025-08-07T17:06:45 | Added article M0N21CBSY to topic eurusd
2025-08-07T17:06:47 | Removed/replaced article 1BICVQL0W with new article M0N21CBSY for topic eurusd
2025-08-07T17:06:49 | Triggered analysis_rewriter for topic_id=eurusd due to new article M0N21CBSY
2025-08-07T17:06:49 | analysis_rewriter complete for topic_id=eurusd
2025-08-07T17:06:54 | Added article UIYON0FOY to topic eurusd
2025-08-07T17:06:56 | No article replaced for topic eurusd with new article UIYON0FOY
2025-08-07T17:06:58 | Triggered analysis_rewriter for topic_id=eurusd due to new article UIYON0FOY
2025-08-07T17:06:58 | analysis_rewriter complete for topic_id=eurusd
2025-08-07T17:07:03 | Added article 3LNHTII4G to topic euro_inflation
2025-08-07T17:07:05 | No article replaced for topic euro_inflation with new article 3LNHTII4G
2025-08-07T17:07:07 | Triggered analysis_rewriter for topic_id=euro_inflation due to new article 3LNHTII4G
2025-08-07T17:07:07 | analysis_rewriter complete for topic_id=euro_inflation
2025-08-07T17:07:08 | 📚 Retrieved 10 articles from API for node S&P 500
2025-08-07T17:07:10 | 📚 Retrieved 10 articles from API for node Fed Policy
2025-08-07T17:09:21 | Added article UN01H1US0 to topic euro_inflation
2025-08-07T17:09:23 | No article replaced for topic euro_inflation with new article UN01H1US0
2025-08-07T17:09:25 | Triggered analysis_rewriter for topic_id=euro_inflation due to new article UN01H1US0
2025-08-07T17:09:25 | analysis_rewriter complete for topic_id=euro_inflation
2025-08-07T17:09:30 | Added article SLMLGXGA2 to topic eurusd
2025-08-07T17:09:32 | No article replaced for topic eurusd with new article SLMLGXGA2
2025-08-07T17:09:33 | Triggered analysis_rewriter for topic_id=eurusd due to new article SLMLGXGA2
2025-08-07T17:09:34 | analysis_rewriter complete for topic_id=eurusd
2025-08-07T17:09:40 | Added article GOCA68SXD to topic eurusd
2025-08-07T17:09:42 | No article replaced for topic eurusd with new article GOCA68SXD
2025-08-07T17:09:44 | Triggered analysis_rewriter for topic_id=eurusd due to new article GOCA68SXD
2025-08-07T17:09:44 | analysis_rewriter complete for topic_id=eurusd
2025-08-07T17:09:50 | Added article OQ8OZSY92 to topic eurusd
2025-08-07T17:09:51 | Removed/replaced article M0N21CBSY with new article OQ8OZSY92 for topic eurusd
2025-08-07T17:09:53 | Triggered analysis_rewriter for topic_id=eurusd due to new article OQ8OZSY92
2025-08-07T17:09:53 | analysis_rewriter complete for topic_id=eurusd
2025-08-07T17:09:58 | Added article T5TVZKAZC to topic eurusd
2025-08-07T17:10:00 | Removed/replaced article UIYON0FOY with new article T5TVZKAZC for topic eurusd
2025-08-07T17:10:03 | Triggered analysis_rewriter for topic_id=eurusd due to new article T5TVZKAZC
2025-08-07T17:10:03 | analysis_rewriter complete for topic_id=eurusd
2025-08-07T17:10:05 | 📚 Retrieved 10 articles from API for node US Dollar
2025-08-07T17:11:37 | Added article 54VFR2M0D to topic euro_inflation
2025-08-07T17:11:39 | No article replaced for topic euro_inflation with new article 54VFR2M0D
2025-08-07T17:11:41 | Triggered analysis_rewriter for topic_id=euro_inflation due to new article 54VFR2M0D
2025-08-07T17:11:41 | analysis_rewriter complete for topic_id=euro_inflation
2025-08-07T17:11:46 | Added article EXNMZLCOP to topic euro_inflation
2025-08-07T17:11:49 | Triggered analysis_rewriter for topic_id=euro_inflation due to new article EXNMZLCOP
2025-08-07T17:11:49 | analysis_rewriter complete for topic_id=euro_inflation
2025-08-07T17:11:54 | Added article 56EA0UE83 to topic eurusd
2025-08-07T17:11:58 | No article replaced for topic eurusd with new article 56EA0UE83
2025-08-07T17:12:02 | Triggered analysis_rewriter for topic_id=eurusd due to new article 56EA0UE83
2025-08-07T17:12:02 | analysis_rewriter complete for topic_id=eurusd
2025-08-07T17:12:07 | Added article 1KKXXSMPD to topic eurusd
2025-08-07T17:12:08 | No article replaced for topic eurusd with new article 1KKXXSMPD
2025-08-07T17:12:10 | Triggered analysis_rewriter for topic_id=eurusd due to new article 1KKXXSMPD
2025-08-07T17:12:10 | analysis_rewriter complete for topic_id=eurusd
2025-08-07T17:12:15 | Added article C47NMR0PX to topic eurusd
2025-08-07T17:12:17 | Removed/replaced article T5TVZKAZC with new article C47NMR0PX for topic eurusd
2025-08-07T17:12:19 | Triggered analysis_rewriter for topic_id=eurusd due to new article C47NMR0PX
2025-08-07T17:12:19 | analysis_rewriter complete for topic_id=eurusd
2025-08-07T17:12:24 | Added article J7P36TXIW to topic euro_inflation
2025-08-07T17:12:26 | No article replaced for topic euro_inflation with new article J7P36TXIW
2025-08-07T17:12:28 | Triggered analysis_rewriter for topic_id=euro_inflation due to new article J7P36TXIW
2025-08-07T17:12:28 | analysis_rewriter complete for topic_id=euro_inflation
2025-08-07T17:12:36 | Added article 1WEO97JN3 to topic euro_inflation
2025-08-07T17:12:38 | Removed/replaced article QV8YQC2LQ with new article 1WEO97JN3 for topic euro_inflation
2025-08-07T17:12:39 | Triggered analysis_rewriter for topic_id=euro_inflation due to new article 1WEO97JN3
2025-08-07T17:12:39 | analysis_rewriter complete for topic_id=euro_inflation
2025-08-07T17:12:46 | Added article O8JDMLUKA to topic eurusd
2025-08-07T17:12:48 | No article replaced for topic eurusd with new article O8JDMLUKA
2025-08-07T17:12:50 | Triggered analysis_rewriter for topic_id=eurusd due to new article O8JDMLUKA
2025-08-07T17:12:50 | analysis_rewriter complete for topic_id=eurusd
2025-08-07T17:12:55 | Added article F1RV05ZSF to topic euro_inflation
2025-08-07T17:13:00 | Triggered analysis_rewriter for topic_id=euro_inflation due to new article F1RV05ZSF
2025-08-07T17:13:00 | analysis_rewriter complete for topic_id=euro_inflation
2025-08-07T17:13:00 | 📚 Retrieved 0 articles from API for node ECB Policy
2025-08-07T17:13:01 | 📚 Retrieved 0 articles from API for node Euro Area Inflation
2025-08-07T17:13:03 | 📚 Retrieved 10 articles from API for node Wheat
2025-08-07T17:15:03 | Added article HY7O2XPIE to topic us_inflation
2025-08-07T17:15:05 | Removed/replaced article 90DZKRFHH with new article HY7O2XPIE for topic us_inflation
2025-08-07T17:15:07 | Triggered analysis_rewriter for topic_id=us_inflation due to new article HY7O2XPIE
2025-08-07T17:15:07 | analysis_rewriter complete for topic_id=us_inflation
2025-08-07T17:15:13 | Added article CTOMPIZXC to topic eurusd
2025-08-07T17:15:15 | No article replaced for topic eurusd with new article CTOMPIZXC
2025-08-07T17:15:17 | Triggered analysis_rewriter for topic_id=eurusd due to new article CTOMPIZXC
2025-08-07T17:15:17 | analysis_rewriter complete for topic_id=eurusd
2025-08-07T17:15:23 | Added article 9VN3B9RM7 to topic eurusd
2025-08-07T17:15:27 | Triggered analysis_rewriter for topic_id=eurusd due to new article 9VN3B9RM7
2025-08-07T17:15:27 | analysis_rewriter complete for topic_id=eurusd
2025-08-07T17:15:33 | Added article 8CQ90PI82 to topic euro_inflation
2025-08-07T17:15:35 | No article replaced for topic euro_inflation with new article 8CQ90PI82
2025-08-07T17:15:37 | Triggered analysis_rewriter for topic_id=euro_inflation due to new article 8CQ90PI82
2025-08-07T17:15:37 | analysis_rewriter complete for topic_id=euro_inflation
2025-08-07T17:15:42 | Added article NS7N4PYE4 to topic euro_inflation
2025-08-07T17:15:43 | No article replaced for topic euro_inflation with new article NS7N4PYE4
2025-08-07T17:15:45 | Triggered analysis_rewriter for topic_id=euro_inflation due to new article NS7N4PYE4
2025-08-07T17:15:45 | analysis_rewriter complete for topic_id=euro_inflation
2025-08-07T17:15:51 | Added article CBUZVD7NP to topic euro_inflation
2025-08-07T17:15:52 | No article replaced for topic euro_inflation with new article CBUZVD7NP
2025-08-07T17:15:54 | Triggered analysis_rewriter for topic_id=euro_inflation due to new article CBUZVD7NP
2025-08-07T17:15:54 | analysis_rewriter complete for topic_id=euro_inflation
2025-08-07T17:15:59 | Added article 7VLH4GQPI to topic us_inflation
2025-08-07T17:16:00 | No article replaced for topic us_inflation with new article 7VLH4GQPI
2025-08-07T17:16:02 | Triggered analysis_rewriter for topic_id=us_inflation due to new article 7VLH4GQPI
2025-08-07T17:16:03 | analysis_rewriter complete for topic_id=us_inflation
2025-08-07T17:16:03 | 📚 Retrieved 10 articles from API for node US Inflation
2025-08-07T17:16:34 | Added article XK7E5R77H to topic euro_inflation
2025-08-07T17:16:35 | No article replaced for topic euro_inflation with new article XK7E5R77H
2025-08-07T17:29:19 | 📚 Retrieved 10 articles from API for node EURUSD
2025-08-07T17:30:12 | Pipeline run complete
2025-08-07T17:46:29 | 📚 Retrieved 10 articles from API for node EURUSD
2025-08-07T17:47:46 | ERROR | ❌ Error executing query: No module named 'minimal_logging'
2025-08-07T17:47:46 | ERROR | Error running query for node eurusd Error: Failed to execute query: No module named 'minimal_logging'
2025-08-07T17:47:46 | Pipeline run complete
2025-08-07T19:14:32 | 📚 Retrieved 10 articles from API for node EURUSD
2025-08-07T19:16:38 | ERROR | ❌ Error executing query: No module named 'minimal_logging'
2025-08-07T19:16:38 | ERROR | Error running query for node eurusd Error: Failed to execute query: No module named 'minimal_logging'
2025-08-07T19:16:38 | Pipeline run complete
2025-08-07T19:28:08 | 📚 Retrieved 10 articles from API for node EURUSD
2025-08-07T19:28:43 | ERROR | ❌ Error executing query: No module named 'minimal_logging'
2025-08-07T19:28:43 | ERROR | Error running query for node eurusd Error: Failed to execute query: No module named 'minimal_logging'
2025-08-07T19:28:43 | Pipeline run complete
2025-08-07T19:44:55 | 📚 Retrieved 10 articles from API for node EURUSD
2025-08-07T19:45:14 | ERROR | ❌ Error executing query: No module named 'minimal_logging'
2025-08-07T19:45:14 | ERROR | Error running query for node eurusd Error: Failed to execute query: No module named 'minimal_logging'
2025-08-07T19:45:14 | Pipeline run complete
2025-08-07T19:47:16 | 📚 Retrieved 10 articles from API for node test_query_1
2025-08-07T19:47:17 | 📚 Retrieved 10 articles from API for node test_query_2
2025-08-07T19:49:30 | 📚 Retrieved 10 articles from API for node test_query_1
2025-08-07T19:49:31 | 📚 Retrieved 10 articles from API for node test_query_2
2025-08-07T19:49:42 | 📚 Retrieved 3 articles from API for node EURUSD
2025-08-07T19:50:06 | ERROR | ❌ Error executing query: No module named 'minimal_logging'
2025-08-07T19:50:06 | ERROR | Error running query for node eurusd Error: Failed to execute query: No module named 'minimal_logging'
2025-08-07T19:50:06 | Pipeline run complete
2025-08-07T19:51:45 | 📚 Retrieved 3 articles from API for node EURUSD
2025-08-07T19:52:15 | ERROR | ❌ Error executing query: No module named 'minimal_logging'
2025-08-07T19:52:15 | ERROR | Error running query for node eurusd Error: Failed to execute query: No module named 'minimal_logging'
2025-08-07T19:52:15 | Pipeline run complete
2025-08-07T19:53:53 | 📚 Retrieved 3 articles from API for node EURUSD
2025-08-07T19:54:04 | ERROR | ❌ Error executing query: No module named 'minimal_logging'
2025-08-07T19:54:04 | ERROR | Error running query for node eurusd Error: Failed to execute query: No module named 'minimal_logging'
2025-08-07T19:54:04 | Pipeline run complete
2025-08-07T19:55:39 | 📚 Retrieved 3 articles from API for node EURUSD
2025-08-07T19:56:07 | ERROR | ❌ Error executing query: No module named 'minimal_logging'
2025-08-07T19:56:07 | ERROR | Error running query for node eurusd Error: Failed to execute query: No module named 'minimal_logging'
2025-08-07T19:56:07 | Pipeline run complete
2025-08-07T19:56:20 | 📚 Retrieved 10 articles from API for node test_query_1
2025-08-07T19:58:04 | 📚 Retrieved 10 articles from API for node test_query_2
