2025-08-23T13:48:33 | Saved analysis | eurusd | field "fundamental_analysis" len=2754
2025-08-23T13:48:39 | Retrieved articles | UK Unemployment | Retrieved 10 from API
2025-08-23T13:51:53 | Saved analysis | eurusd | field "medium_analysis" len=2045
2025-08-23T13:53:05 | Saved analysis | eurusd | field "current_analysis" len=1654
2025-08-23T13:54:15 | Saved analysis | eurusd | field "drivers" len=1781
2025-08-23T13:55:35 | Saved analysis | eurusd | field "movers_scenarios" len=859
2025-08-23T13:58:28 | Saved analysis | eurusd | field "swing_trade_or_outlook" len=1028
2025-08-23T14:00:28 | Saved analysis | eurusd | field "executive_summary" len=1042
2025-08-23T14:00:29 | Rewrite complete | eurusd | total_chars=11163
2025-08-23T14:01:30 | Node relationship created | oil->copper | type=INFLUENCES
2025-08-23T14:01:31 | Replacement of article skipped | oil | tf=current cnt=2 < 5
2025-08-23T14:01:31 | Added article | 616KXEAFP | to existing topic oil
2025-08-23T14:08:21 | Node relationship removed | us_inflation->euro_inflation | type=INFLUENCES
2025-08-23T14:08:21 | Node relationship created | us_inflation->us_10y | type=INFLUENCES
2025-08-23T14:08:31 | Article replaced | us_inflation | old=GORPIJR2F new=QZXKE5CBL
2025-08-23T14:08:41 | Triggered rewrite | us_inflation | new_article=QZXKE5CBL
2025-08-23T14:16:32 | Topic rejected | name=Is Oklo Stock the Next Nvidia? | category=None | failure=proposal_null
2025-08-23T14:16:32 | Failed to create new topic for article | H6PJGIU1C | to new topic None
2025-08-23T14:26:05 | Node relationship removed | us_inflation->us_inflation_impact_on_stocks | type=INFLUENCES
2025-08-23T14:26:05 | Node relationship created | us_inflation->usd | type=INFLUENCES
2025-08-23T14:26:15 | Article replaced | us_inflation | old=LHD5VA4OU new=ODTCK753Q
2025-08-23T14:26:22 | Triggered rewrite | us_inflation | new_article=ODTCK753Q
2025-08-23T14:26:33 | Retrieved articles | Investment Risks | Retrieved 10 from API
2025-08-23T14:30:37 | Node relationship created | us_inflation->us_inflation_impact_on_healthcare_stocks | type=INFLUENCES
2025-08-23T14:30:37 | Replacement of article skipped | us_inflation_impact_on_healthcare_stocks | tf=medium cnt=1 < 5
2025-08-23T14:30:37 | Added article | WISLWAJ15 | to existing topic us_inflation_impact_on_healthcare_stocks
2025-08-23T14:31:35 | Node relationship created | us_inflation_impact_on_stocks->sp500 | type=INFLUENCES
2025-08-23T14:31:35 | Replacement of article skipped | us_inflation_impact_on_stocks | tf=medium cnt=1 < 5
2025-08-23T14:31:35 | Added article | WISLWAJ15 | to existing topic us_inflation_impact_on_stocks
2025-08-23T14:35:08 | Node relationship created | agentic_ai_solutions->agentic_ai_investment | type=INFLUENCES
2025-08-23T14:35:08 | Replacement of article skipped | agentic_ai_solutions | tf=current cnt=1 < 5
2025-08-23T14:35:08 | Added article | K2L2LV7DQ | to existing topic agentic_ai_solutions
2025-08-23T14:38:28 | Node relationship removed | us_inflation->us_wholesale_inflation | type=INFLUENCES
2025-08-23T14:38:28 | Node relationship created | us_inflation->us_inflation_impact_on_stocks | type=INFLUENCES
2025-08-23T14:38:31 | No replacement of article | us_inflation | new_article=WISLWAJ15
2025-08-23T14:38:31 | Added article | WISLWAJ15 | to existing topic us_inflation
2025-08-23T14:39:51 | Node relationship created | core_cpi->us_inflation_expectations | type=INFLUENCES
2025-08-23T14:39:51 | Replacement of article skipped | core_cpi | tf=medium cnt=1 < 5
2025-08-23T14:39:51 | Added article | WISLWAJ15 | to existing topic core_cpi
2025-08-23T14:44:46 | Node relationship created | core_monthly_cpi->fed_policy | type=INFLUENCES
2025-08-23T14:44:46 | Replacement of article skipped | core_monthly_cpi | tf=medium cnt=1 < 5
2025-08-23T14:44:47 | Added article | WISLWAJ15 | to existing topic core_monthly_cpi
2025-08-23T14:44:47 | Pipeline complete | pipeline | run complete
2025-08-23T14:44:48 | Retrieved articles | European Leaders and Hamas | Retrieved 10 from API
2025-08-23T14:50:49 | Node relationship created | us_tariffs->us_tariffs_brazil | type=INFLUENCES
2025-08-23T14:50:49 | Replacement of article skipped | us_tariffs | tf=current cnt=4 < 5
2025-08-23T14:50:49 | Added article | XDC5CL4VZ | to existing topic us_tariffs
2025-08-23T14:52:10 | Node relationship removed | us_inflation->core_monthly_cpi | type=INFLUENCES
2025-08-23T14:52:10 | Node relationship created | us_inflation->euro_inflation | type=INFLUENCES
2025-08-23T14:52:14 | Article replaced | us_inflation | old=VSD8OH1LE new=XDC5CL4VZ
2025-08-23T14:52:23 | Triggered rewrite | us_inflation | new_article=XDC5CL4VZ
2025-08-23T14:58:20 | Node relationship created | usd->gold | type=INFLUENCES
2025-08-23T14:58:20 | Replacement of article skipped | usd | tf=current cnt=1 < 5
2025-08-23T14:58:21 | Added article | 0U6CRXV41 | to existing topic usd
2025-08-23T14:58:21 | Pipeline complete | pipeline | run complete
2025-08-23T14:58:22 | Retrieved articles | Tech Discount Trends | Retrieved 10 from API
2025-08-23T15:04:50 | Node relationship created | eur->euro_inflation | type=INFLUENCES
2025-08-23T15:04:50 | Replacement of article skipped | eur | tf=current cnt=2 < 5
2025-08-23T15:04:51 | Added article | WZOY9QGZI | to existing topic eur
2025-08-23T15:05:50 | Node relationship removed | us_inflation->us_inflation_impact_on_healthcare_stocks | type=INFLUENCES
2025-08-23T15:05:50 | Node relationship created | us_inflation->gold | type=INFLUENCES
2025-08-23T15:05:54 | Article replaced | us_inflation | old=ODTCK753Q new=51977HQR5
2025-08-23T15:05:58 | Triggered rewrite | us_inflation | new_article=51977HQR5
2025-08-23T15:07:08 | Node relationship created | euro_inflation->eurusd | type=INFLUENCES
2025-08-23T15:07:08 | Replacement of article skipped | euro_inflation | tf=current cnt=2 < 5
2025-08-23T15:07:08 | Added article | WZOY9QGZI | to existing topic euro_inflation
2025-08-23T15:12:36 | Node relationship removed | us_inflation->us_inflation_expectations | type=INFLUENCES
2025-08-23T15:12:36 | Node relationship created | us_inflation->us_inflation_impact_on_healthcare_stocks | type=INFLUENCES
2025-08-23T15:12:42 | No replacement of article | us_inflation | new_article=U0I2AFHOV
2025-08-23T15:12:42 | Added article | U0I2AFHOV | to existing topic us_inflation
2025-08-23T15:15:56 | Node relationship removed | us_inflation->euro_inflation | type=INFLUENCES
2025-08-23T15:15:57 | Node relationship created | us_inflation->stagflation | type=INFLUENCES
2025-08-23T15:16:09 | Article replaced | us_inflation | old=XDC5CL4VZ new=KQZ1IZF0H
2025-08-23T15:16:22 | Triggered rewrite | us_inflation | new_article=KQZ1IZF0H
2025-08-23T15:16:43 | Node relationship created | eur->us_inflation | type=INFLUENCES
2025-08-23T15:16:44 | Replacement of article skipped | eur | tf=current cnt=3 < 5
2025-08-23T15:16:44 | Added article | G6J734UIP | to existing topic eur
2025-08-23T15:18:39 | Replacement of article skipped | eur | tf=current cnt=4 < 5
2025-08-23T15:18:39 | Added article | 1LVKPIKAQ | to existing topic eur
2025-08-23T15:19:25 | Node relationship created | eurostoxx50->sp500 | type=PEERS
2025-08-23T15:19:25 | Replacement of article skipped | eurostoxx50 | tf=current cnt=1 < 5
2025-08-23T15:19:25 | Added article | 1LVKPIKAQ | to existing topic eurostoxx50
2025-08-23T15:21:08 | Node relationship created | sp500->eurusd | type=INFLUENCES
2025-08-23T15:21:10 | No replacement of article | sp500 | new_article=A2H79OCU1
2025-08-23T15:21:11 | Added article | A2H79OCU1 | to existing topic sp500
2025-08-23T15:28:26 | Pipeline complete | pipeline | run complete
2025-08-23T15:28:27 | Retrieved articles | Australia Economic Outlook | Retrieved 10 from API
2025-08-23T15:33:04 | Node relationship removed | sp500->us_tariffs_on_technology | type=INFLUENCES
2025-08-23T15:33:04 | Node relationship created | sp500->usd | type=INFLUENCES
2025-08-23T15:33:07 | No replacement of article | sp500 | new_article=2YP1X9B4T
2025-08-23T15:33:08 | Added article | 2YP1X9B4T | to existing topic sp500
2025-08-23T15:46:40 | Node relationship created | us_10y->usd | type=INFLUENCES
2025-08-23T15:46:40 | Replacement of article skipped | us_10y | tf=medium cnt=1 < 5
2025-08-23T15:46:41 | Added article | 3JR35PMNT | to existing topic us_10y
2025-08-23T15:57:45 | Node relationship removed | sp500->eurusd | type=INFLUENCES
2025-08-23T15:57:45 | Node relationship created | sp500->china_macro | type=INFLUENCES
2025-08-23T15:57:47 | No replacement of article | sp500 | new_article=4661GWFP7
2025-08-23T15:57:47 | Added article | 4661GWFP7 | to existing topic sp500
2025-08-23T15:57:47 | Pipeline complete | pipeline | run complete
2025-08-23T15:57:49 | Retrieved articles | Tappable Home Equity | Retrieved 10 from API
2025-08-23T15:59:25 | Replacement of article skipped | us_tariffs | tf=current cnt=4 < 5
2025-08-23T15:59:25 | Added article | DNG58CC09 | to existing topic us_tariffs
2025-08-23T16:03:23 | Node relationship removed | oil->us_china_trade_war_2025 | type=INFLUENCES
2025-08-23T16:03:23 | Node relationship created | oil->fed_policy | type=INFLUENCES
2025-08-23T16:03:23 | Replacement of article skipped | oil | tf=medium cnt=1 < 5
2025-08-23T16:03:23 | Added article | 8EJQ5QEWE | to existing topic oil
2025-08-23T16:03:24 | Pipeline complete | pipeline | run complete
2025-08-23T16:03:26 | Retrieved articles | NBN 2000 Plans | Retrieved 10 from API
2025-08-23T16:05:14 | Relationship duplicate | us_inflation->us_inflation_impact_on_healthcare_stocks | type=INFLUENCES
2025-08-23T16:05:14 | Replacement of article skipped | us_inflation_impact_on_healthcare_stocks | tf=fundamental cnt=2 < 5
2025-08-23T16:05:14 | Added article | YTHAU3SIB | to existing topic us_inflation_impact_on_healthcare_stocks
2025-08-23T16:07:23 | Node relationship removed | us_inflation->us_inflation_impact_on_healthcare_stocks | type=INFLUENCES
2025-08-23T16:07:23 | Node relationship created | us_inflation->us_inflation_expectations | type=INFLUENCES
2025-08-23T16:07:33 | Article replaced | us_inflation | old=J04HU0B97 new=YTHAU3SIB
2025-08-23T16:07:38 | Triggered rewrite | us_inflation | new_article=YTHAU3SIB
2025-08-23T16:07:38 | Node relationship created | sustainability_reframing->sustainability_leadership | type=INFLUENCES
2025-08-23T16:07:38 | Replacement of article skipped | sustainability_reframing | tf=fundamental cnt=2 < 5
2025-08-23T16:07:39 | Added article | DXMHYBVQM | to existing topic sustainability_reframing
2025-08-23T16:15:17 | Pipeline complete | pipeline | run complete
2025-08-23T16:15:19 | Retrieved articles | Stablecoins | Retrieved 10 from API
2025-08-23T16:15:45 | Pipeline complete | pipeline | run complete
2025-08-23T16:15:46 | Retrieved articles | U.S. Bureau of Labor Statistics | Retrieved 10 from API
2025-08-23T16:30:45 | Pipeline complete | pipeline | run complete
2025-08-23T16:30:47 | Retrieved articles | North Korea Military Drills | Retrieved 10 from API
2025-08-23T16:32:28 | Node relationship removed | fed_policy->us_china_trade_relations | type=INFLUENCES
2025-08-23T16:32:28 | Node relationship created | fed_policy->euro_inflation | type=INFLUENCES
2025-08-23T16:32:36 | No replacement of article | fed_policy | new_article=N31FUH3FF
2025-08-23T16:32:36 | Added article | N31FUH3FF | to existing topic fed_policy
2025-08-23T16:32:47 | Pipeline complete | pipeline | run complete
2025-08-23T16:32:48 | Retrieved articles | Nvidia Low Power GPUs | Retrieved 10 from API
2025-08-23T16:48:40 | Node relationship removed | us_inflation->us_inflation_impact_on_stocks | type=INFLUENCES
2025-08-23T16:48:40 | Node relationship created | us_inflation->us_inflation_impact_on_bitcoin | type=INFLUENCES
2025-08-23T16:48:44 | Article replaced | us_inflation | old=8PKUF1A17 new=W7BM9ZPFN
2025-08-23T16:48:48 | Triggered rewrite | us_inflation | new_article=W7BM9ZPFN
2025-08-23T16:54:48 | Node relationship removed | us_inflation->us_inflation_impact_on_bitcoin | type=INFLUENCES
2025-08-23T16:54:48 | Node relationship created | us_inflation->core_monthly_cpi | type=INFLUENCES
2025-08-23T16:55:04 | Article replaced | us_inflation | old=W7BM9ZPFN new=3VP0AH63Q
2025-08-23T16:55:15 | Triggered rewrite | us_inflation | new_article=3VP0AH63Q
2025-08-23T16:59:15 | Node relationship removed | oil->us_inflation_data | type=INFLUENCES
2025-08-23T16:59:15 | Node relationship created | oil->euro_inflation | type=INFLUENCES
2025-08-23T16:59:15 | Replacement of article skipped | oil | tf=current cnt=3 < 5
2025-08-23T16:59:15 | Added article | G442YHGY3 | to existing topic oil
2025-08-23T16:59:37 | Pipeline complete | pipeline | run complete
2025-08-23T16:59:38 | Retrieved articles | Utility Automation Innovation | Retrieved 10 from API
2025-08-23T17:05:24 | Node relationship created | us_10y->us_inflation_expectations | type=INFLUENCES
2025-08-23T17:05:24 | Replacement of article skipped | us_10y | tf=current cnt=1 < 5
2025-08-23T17:05:24 | Added article | MF8ZAFVAY | to existing topic us_10y
2025-08-23T17:07:56 | Pipeline complete | pipeline | run complete
2025-08-23T17:07:58 | Retrieved articles | US Trade Policy and Inflation | Retrieved 10 from API
2025-08-23T17:14:40 | Pipeline complete | pipeline | run complete
2025-08-23T17:14:42 | Retrieved articles | Stablecoin Impact on Banking | Retrieved 10 from API
2025-08-23T17:21:33 | Node relationship created | china_macro->usd | type=INFLUENCES
2025-08-23T17:21:33 | Replacement of article skipped | china_macro | tf=current cnt=2 < 5
2025-08-23T17:21:34 | Added article | ZTZGAMKN1 | to existing topic china_macro
2025-08-23T17:26:11 | Node relationship removed | us_inflation->gold | type=INFLUENCES
2025-08-23T17:26:11 | Node relationship created | us_inflation->us_inflation_impact_on_stocks | type=INFLUENCES
2025-08-23T17:26:21 | Article replaced | us_inflation | old=SGMY2QN32 new=U5UKL93VY
2025-08-23T17:26:35 | Triggered rewrite | us_inflation | new_article=U5UKL93VY
2025-08-23T17:35:45 | Node relationship removed | us_inflation->stagflation | type=INFLUENCES
2025-08-23T17:35:45 | Node relationship created | us_inflation->gold | type=INFLUENCES
2025-08-23T17:35:55 | Article replaced | us_inflation | old=PDMYYKAM4 new=FHLU1CN4S
2025-08-23T17:36:03 | Triggered rewrite | us_inflation | new_article=FHLU1CN4S
2025-08-23T17:36:04 | Pipeline complete | pipeline | run complete
2025-08-23T17:36:05 | Retrieved articles | Scarcity in Value | Retrieved 10 from API
2025-08-23T17:42:04 | Pipeline complete | pipeline | run complete
2025-08-23T17:42:06 | Retrieved articles | Cannabis Stocks | Retrieved 10 from API
2025-08-23T17:45:42 | Node relationship removed | us_inflation->us_inflation_impact_on_stocks | type=INFLUENCES
2025-08-23T17:45:42 | Node relationship created | us_inflation->us_inflation_impact_on_bitcoin | type=INFLUENCES
2025-08-23T17:45:46 | Article replaced | us_inflation | old=VXKNQL7NQ new=BAAVVG964
2025-08-23T17:45:50 | Triggered rewrite | us_inflation | new_article=BAAVVG964
2025-08-23T17:51:38 | Saved analysis | us_inflation | field "fundamental_analysis" len=5946
2025-08-23T17:57:54 | Node relationship removed | us_inflation->us_inflation_impact_on_bitcoin | type=INFLUENCES
2025-08-23T17:57:54 | Node relationship created | us_inflation->us_inflation_impact_on_stocks | type=INFLUENCES
2025-08-23T17:58:00 | Article replaced | us_inflation | old=U5UKL93VY new=NP0AROUZ4
2025-08-23T17:58:11 | Triggered rewrite | us_inflation | new_article=NP0AROUZ4
2025-08-23T18:00:32 | Node relationship removed | us_inflation->gold | type=INFLUENCES
2025-08-23T18:00:32 | Node relationship created | us_inflation->us_inflation_impact_on_healthcare_stocks | type=INFLUENCES
2025-08-23T18:00:34 | No replacement of article | us_inflation | new_article=FOM34PUWA
2025-08-23T18:00:34 | Added article | FOM34PUWA | to existing topic us_inflation
2025-08-23T18:03:23 | Node relationship removed | us_inflation->core_monthly_cpi | type=INFLUENCES
2025-08-23T18:03:24 | Node relationship created | us_inflation->us_inflation_impact_on_bitcoin | type=INFLUENCES
2025-08-23T18:03:27 | Article replaced | us_inflation | old=9798ZUCPZ new=EETJ5BIEJ
2025-08-23T18:03:33 | Triggered rewrite | us_inflation | new_article=EETJ5BIEJ
2025-08-23T18:08:35 | Saved analysis | us_inflation | field "medium_analysis" len=4752
2025-08-23T18:15:23 | Node relationship removed | fed_policy->us_inflation_data | type=INFLUENCES
2025-08-23T18:15:23 | Node relationship created | fed_policy->us_inflation_impact_on_bitcoin | type=INFLUENCES
2025-08-23T18:15:26 | No replacement of article | fed_policy | new_article=HINLBDIDO
2025-08-23T18:15:26 | Added article | HINLBDIDO | to existing topic fed_policy
2025-08-23T18:17:21 | Node relationship removed | us_inflation->us_inflation_impact_on_bitcoin | type=INFLUENCES
2025-08-23T18:17:21 | Node relationship created | us_inflation->euro_inflation | type=INFLUENCES
2025-08-23T18:17:25 | Article replaced | us_inflation | old=NP0AROUZ4 new=HINLBDIDO
2025-08-23T18:17:32 | Triggered rewrite | us_inflation | new_article=HINLBDIDO
2025-08-23T18:24:26 | Node relationship removed | us_inflation->us_inflation_impact_on_healthcare_stocks | type=INFLUENCES
2025-08-23T18:24:26 | Node relationship created | us_inflation->us_inflation_impact_on_bitcoin | type=INFLUENCES
2025-08-23T18:24:33 | Article replaced | us_inflation | old=3M2SHE57Q new=DVCKIEQZK
2025-08-23T18:24:37 | Triggered rewrite | us_inflation | new_article=DVCKIEQZK
2025-08-23T18:24:48 | Saved analysis | us_inflation | field "medium_analysis" len=4396
2025-08-23T18:26:02 | Pipeline complete | pipeline | run complete
2025-08-23T18:26:03 | Retrieved articles | Synthetic Aviation Fuel (SAF) | Retrieved 10 from API
2025-08-23T18:32:11 | Node relationship created | ai_infrastructure->nvidia_ai_infrastructure | type=INFLUENCES
2025-08-23T18:32:13 | No replacement of article | ai_infrastructure | new_article=LPFF720HM
2025-08-23T18:32:13 | Added article | LPFF720HM | to existing topic ai_infrastructure
2025-08-23T18:33:28 | Node relationship created | ai_application_companies->ai_generated_misinformation | type=INFLUENCES
2025-08-23T18:33:28 | Replacement of article skipped | ai_application_companies | tf=fundamental cnt=2 < 5
2025-08-23T18:33:29 | Added article | LPFF720HM | to existing topic ai_application_companies
2025-08-23T18:35:04 | Node relationship created | us_10y->us_inflation | type=INFLUENCES
2025-08-23T18:35:04 | Replacement of article skipped | us_10y | tf=current cnt=2 < 5
2025-08-23T18:35:04 | Added article | JY0YOJGAJ | to existing topic us_10y
2025-08-23T18:36:58 | Node relationship created | ai_impact_on_software_industry->ai_productivity | type=INFLUENCES
2025-08-23T18:36:58 | Replacement of article skipped | ai_impact_on_software_industry | tf=fundamental cnt=2 < 5
2025-08-23T18:36:58 | Added article | LPFF720HM | to existing topic ai_impact_on_software_industry
2025-08-23T18:37:10 | Node relationship removed | us_inflation->us_inflation_impact_on_bitcoin | type=INFLUENCES
2025-08-23T18:37:10 | Node relationship created | us_inflation->us_inflation_impact_on_healthcare_stocks | type=INFLUENCES
2025-08-23T18:37:19 | Article replaced | us_inflation | old=DVCKIEQZK new=JY0YOJGAJ
2025-08-23T18:37:29 | Triggered rewrite | us_inflation | new_article=JY0YOJGAJ
2025-08-23T18:42:22 | Saved analysis | us_inflation | field "fundamental_analysis" len=3304
2025-08-23T18:44:31 | Saved analysis | us_inflation | field "medium_analysis" len=2206
2025-08-23T18:44:45 | Pipeline complete | pipeline | run complete
2025-08-23T18:44:46 | Retrieved articles | Wheat | Retrieved 10 from API
2025-08-23T18:51:28 | Node relationship removed | us_inflation->us_inflation_impact_on_stocks | type=INFLUENCES
2025-08-23T18:51:28 | Node relationship created | us_inflation->us_inflation_impact_on_bitcoin | type=INFLUENCES
2025-08-23T18:51:44 | Article replaced | us_inflation | old=Q295VPL53 new=MWW8WDDUV
2025-08-23T18:51:57 | Triggered rewrite | us_inflation | new_article=MWW8WDDUV
2025-08-23T18:53:48 | Pipeline complete | pipeline | run complete
2025-08-23T18:53:49 | Retrieved articles | Australia Broadcast TV Advertising Revenue | Retrieved 10 from API
2025-08-23T18:56:41 | Node relationship created | us_10y->30yr_tips_auction | type=INFLUENCES
2025-08-23T18:56:41 | Replacement of article skipped | us_10y | tf=current cnt=3 < 5
2025-08-23T18:56:41 | Added article | 9DGGZXEVR | to existing topic us_10y
2025-08-23T18:57:04 | Node relationship removed | us_inflation->us_inflation_impact_on_bitcoin | type=INFLUENCES
2025-08-23T18:57:04 | Node relationship created | us_inflation->us_inflation_impact_on_stocks | type=INFLUENCES
2025-08-23T18:57:19 | Article replaced | us_inflation | old=MWW8WDDUV new=UQ5F809PG
2025-08-23T18:57:29 | Triggered rewrite | us_inflation | new_article=UQ5F809PG
2025-08-23T19:00:42 | Node relationship removed | sp500->us_tariffs_semiconductors | type=INFLUENCES
2025-08-23T19:00:43 | Node relationship created | sp500->eur | type=INFLUENCES
2025-08-23T19:00:46 | No replacement of article | sp500 | new_article=0VMWQTKHB
2025-08-23T19:00:46 | Added article | 0VMWQTKHB | to existing topic sp500
2025-08-23T19:01:45 | Node relationship removed | fed_policy->us_inflation_impact_on_bitcoin | type=INFLUENCES
2025-08-23T19:01:45 | Node relationship created | fed_policy->eurusd | type=INFLUENCES
2025-08-23T19:01:47 | No replacement of article | fed_policy | new_article=9DGGZXEVR
2025-08-23T19:01:47 | Added article | 9DGGZXEVR | to existing topic fed_policy
2025-08-23T19:02:08 | Node relationship removed | oil->us_china_trade_talks | type=INFLUENCES
2025-08-23T19:02:08 | Node relationship created | oil->wheat | type=INFLUENCES
2025-08-23T19:02:11 | No replacement of article | oil | new_article=9X7XOLXMH
2025-08-23T19:02:12 | Added article | 9X7XOLXMH | to existing topic oil
2025-08-23T19:03:08 | Node relationship removed | sp500->eur | type=INFLUENCES
2025-08-23T19:03:08 | Node relationship created | sp500->oil | type=INFLUENCES
2025-08-23T19:03:13 | No replacement of article | sp500 | new_article=9X7XOLXMH
2025-08-23T19:03:13 | Added article | 9X7XOLXMH | to existing topic sp500
2025-08-23T19:04:57 | Node relationship removed | sp500->us_inflation_impact_on_stocks | type=INFLUENCES
2025-08-23T19:04:57 | Node relationship created | sp500->gold | type=INFLUENCES
2025-08-23T19:05:00 | No replacement of article | sp500 | new_article=J0D96V7MS
2025-08-23T19:05:00 | Added article | J0D96V7MS | to existing topic sp500
2025-08-23T19:05:00 | Pipeline complete | pipeline | run complete
2025-08-23T19:05:01 | Retrieved articles | Marijuana Legalization Impacts | Retrieved 10 from API
2025-08-23T19:13:43 | Node relationship created | gold->us_10y | type=INFLUENCES
2025-08-23T19:13:43 | Replacement of article skipped | gold | tf=current cnt=0 < 5
2025-08-23T19:13:43 | Added article | GTN7U06KW | to existing topic gold
2025-08-23T19:15:28 | Node relationship removed | us_inflation->us_tariff_policies | type=INFLUENCES
2025-08-23T19:15:28 | Node relationship created | us_inflation->gold | type=INFLUENCES
2025-08-23T19:15:33 | Article replaced | us_inflation | old=UQ5F809PG new=P0K0UEOHU
2025-08-23T19:15:42 | Triggered rewrite | us_inflation | new_article=P0K0UEOHU
2025-08-23T19:21:28 | Node relationship created | usd->eur | type=INFLUENCES
2025-08-23T19:21:29 | Replacement of article skipped | usd | tf=current cnt=2 < 5
2025-08-23T19:21:29 | Added article | GTN7U06KW | to existing topic usd
2025-08-23T19:24:40 | Saved analysis | us_inflation | field "medium_analysis" len=2377
2025-08-23T19:26:15 | Node relationship removed | fed_policy->us_tariffs | type=INFLUENCES
2025-08-23T19:26:15 | Node relationship created | fed_policy->euribor | type=INFLUENCES
2025-08-23T19:26:19 | No replacement of article | fed_policy | new_article=HNS20VRE3
2025-08-23T19:26:19 | Added article | HNS20VRE3 | to existing topic fed_policy
2025-08-23T19:28:06 | Pipeline complete | pipeline | run complete
2025-08-23T19:28:08 | Retrieved articles | US Inflation Expectations | Retrieved 10 from API
2025-08-23T19:38:52 | Node relationship created | us_10y->us_inflation_impact_on_stocks | type=INFLUENCES
2025-08-23T19:38:52 | Replacement of article skipped | us_10y | tf=current cnt=4 < 5
2025-08-23T19:38:53 | Added article | 0R5LB61YY | to existing topic us_10y
2025-08-23T19:40:09 | Node relationship created | usd->us_inflation | type=INFLUENCES
2025-08-23T19:40:09 | Replacement of article skipped | usd | tf=current cnt=3 < 5
2025-08-23T19:40:09 | Added article | 0R5LB61YY | to existing topic usd
2025-08-23T19:42:19 | Topic rejected | name=H&M Launches Fist Store in Brazil With Local Manufacturing Ambitions | category=None | failure=proposal_null
2025-08-23T19:42:19 | Failed to create new topic for article | 7HONPE826 | to new topic None
2025-08-23T19:46:11 | Node relationship removed | us_inflation->euro_inflation | type=INFLUENCES
2025-08-23T19:46:11 | Node relationship created | us_inflation->us_inflation_impact_on_bitcoin | type=INFLUENCES
2025-08-23T19:46:20 | Article replaced | us_inflation | old=9DGGZXEVR new=0R5LB61YY
2025-08-23T19:46:34 | Triggered rewrite | us_inflation | new_article=0R5LB61YY
2025-08-23T19:53:52 | Saved analysis | us_inflation | field "medium_analysis" len=5056
2025-08-23T19:56:25 | Replacement of article skipped | gold | tf=fundamental cnt=2 < 5
2025-08-23T19:56:25 | Added article | 3GW34ISLC | to existing topic gold
2025-08-23T19:58:49 | Pipeline complete | pipeline | run complete
2025-08-23T19:58:50 | Retrieved articles | Trader Empowerment | Retrieved 10 from API
2025-08-23T20:03:39 | Node relationship created | us_10y->us_inflation_impact_on_healthcare_stocks | type=INFLUENCES
2025-08-23T20:03:39 | Replacement of article skipped | us_10y | tf=fundamental cnt=1 < 5
2025-08-23T20:03:39 | Added article | JVKCZAPVG | to existing topic us_10y
2025-08-23T20:04:17 | No replacement of article | oil | new_article=JVKCZAPVG
2025-08-23T20:04:17 | Added article | JVKCZAPVG | to existing topic oil
2025-08-23T20:05:18 | Node relationship removed | us_inflation->us_inflation_impact_on_bitcoin | type=INFLUENCES
2025-08-23T20:05:18 | Node relationship created | us_inflation->stagflation | type=INFLUENCES
2025-08-23T20:05:22 | Article replaced | us_inflation | old=8CI010LW8 new=JVKCZAPVG
2025-08-23T20:05:30 | Triggered rewrite | us_inflation | new_article=JVKCZAPVG
2025-08-23T20:06:10 | Pipeline complete | pipeline | run complete
2025-08-23T20:06:11 | Retrieved articles | US-China Export Controls | Retrieved 10 from API
2025-08-23T20:13:02 | Node relationship created | us_10y->fed_policy | type=INFLUENCES
2025-08-23T20:13:02 | Replacement of article skipped | us_10y | tf=fundamental cnt=2 < 5
2025-08-23T20:13:02 | Added article | 4LQD15CFU | to existing topic us_10y
2025-08-23T20:15:15 | Node relationship removed | us_inflation->us_inflation_impact_on_healthcare_stocks | type=INFLUENCES
2025-08-23T20:15:15 | Node relationship created | us_inflation->us_inflation_impact_on_bitcoin | type=INFLUENCES
2025-08-23T20:15:23 | Article replaced | us_inflation | old=LZG5YWQMC new=4LQD15CFU
2025-08-23T20:15:32 | Triggered rewrite | us_inflation | new_article=4LQD15CFU
2025-08-23T20:18:07 | Node relationship created | saudi_vision_2030->middle_east_sovereign_funds | type=INFLUENCES
2025-08-23T20:18:07 | Replacement of article skipped | saudi_vision_2030 | tf=current cnt=1 < 5
2025-08-23T20:18:07 | Added article | 8WJ8ZH5LA | to existing topic saudi_vision_2030
2025-08-23T20:19:38 | Saved analysis | us_inflation | field "fundamental_analysis" len=3251
2025-08-23T20:22:32 | Saved analysis | us_inflation | field "medium_analysis" len=3338
2025-08-23T20:24:39 | Node relationship removed | us_inflation->us_inflation_impact_on_bitcoin | type=INFLUENCES
2025-08-23T20:24:39 | Node relationship created | us_inflation->us_inflation_impact_on_healthcare_stocks | type=INFLUENCES
2025-08-23T20:24:46 | Article replaced | us_inflation | old=LGDX7Z2NE new=7YRAHG7PI
2025-08-23T20:24:54 | Triggered rewrite | us_inflation | new_article=7YRAHG7PI
2025-08-23T20:29:00 | Saved analysis | us_inflation | field "fundamental_analysis" len=3666
2025-08-23T20:32:56 | Pipeline complete | pipeline | run complete
2025-08-23T20:32:57 | Retrieved articles | Taiwan Stock Market | Retrieved 10 from API
2025-08-23T20:38:17 | Node relationship created | ford_ai_quality_assurance->ai_evaluation_monitoring | type=INFLUENCES
2025-08-23T20:38:17 | Replacement of article skipped | ford_ai_quality_assurance | tf=current cnt=1 < 5
2025-08-23T20:38:17 | Added article | R7S3BNLSI | to existing topic ford_ai_quality_assurance
2025-08-23T20:39:40 | Node relationship created | ai_evaluation_monitoring->ai_governance | type=INFLUENCES
2025-08-23T20:39:40 | Replacement of article skipped | ai_evaluation_monitoring | tf=current cnt=1 < 5
2025-08-23T20:39:40 | Added article | R7S3BNLSI | to existing topic ai_evaluation_monitoring
2025-08-23T20:39:41 | Pipeline complete | pipeline | run complete
2025-08-23T20:39:43 | Retrieved articles | Pet Travel Trend | Retrieved 10 from API
2025-08-23T20:45:50 | Node relationship created | us_10y->us_inflation_impact_on_bitcoin | type=INFLUENCES
2025-08-23T20:45:50 | Replacement of article skipped | us_10y | tf=current cnt=4 < 5
2025-08-23T20:45:50 | Added article | QDUK5Z3KX | to existing topic us_10y
2025-08-23T20:49:01 | Node relationship removed | fed_policy->euro_inflation | type=INFLUENCES
2025-08-23T20:49:02 | Node relationship created | fed_policy->30yr_tips_auction | type=INFLUENCES
2025-08-23T20:49:09 | No replacement of article | fed_policy | new_article=TXVQ5ZQ0N
2025-08-23T20:49:10 | Added article | TXVQ5ZQ0N | to existing topic fed_policy
2025-08-23T20:56:19 | Replacement of article skipped | fed_policy | tf=medium cnt=2 < 5
2025-08-23T20:56:19 | Added article | SK994CBWR | to existing topic fed_policy
2025-08-23T20:56:56 | Error | - | Relationship create error | us_10y->us_inflation_and_stock_market_impact | type=INFLUENCES Error: Cannot create link: source or target node missing. Link: {'motivation': 'US 10Y Treasury Yield is a forward‑looking indicator that shapes market expectations of inflation, which in turn drives the inf
2025-08-23T20:59:24 | Pipeline complete | pipeline | run complete
2025-08-23T20:59:26 | Retrieved articles | Solar Activity | Retrieved 10 from API
2025-08-23T21:12:37 | Pipeline complete | pipeline | run complete
2025-08-23T21:12:39 | Retrieved articles | China Robotics Surveillance | Retrieved 10 from API
2025-08-23T21:14:07 | Node relationship removed | fed_policy->30yr_tips_auction | type=INFLUENCES
2025-08-23T21:14:08 | Node relationship created | fed_policy->euro_inflation | type=INFLUENCES
2025-08-23T21:14:16 | Article replaced | fed_policy | old=YC32T5DKL new=5JQEA5Z1T
2025-08-23T21:14:22 | Triggered rewrite | fed_policy | new_article=5JQEA5Z1T
2025-08-23T21:17:32 | Saved analysis | fed_policy | field "fundamental_analysis" len=1627
2025-08-23T21:17:42 | No replacement of article | sp500 | new_article=OB27SL8WU
2025-08-23T21:17:42 | Added article | OB27SL8WU | to existing topic sp500
2025-08-23T21:20:03 | Saved analysis | fed_policy | field "medium_analysis" len=3028
2025-08-23T21:20:54 | Node relationship removed | sp500->gold | type=INFLUENCES
2025-08-23T21:20:54 | Node relationship created | sp500->copper | type=INFLUENCES
2025-08-23T21:20:57 | No replacement of article | sp500 | new_article=Q7VVGNSQE
2025-08-23T21:20:57 | Added article | Q7VVGNSQE | to existing topic sp500
2025-08-23T21:24:10 | Saved analysis | fed_policy | field "drivers" len=2337
2025-08-23T21:24:16 | Node relationship removed | fed_policy->euribor | type=INFLUENCES
2025-08-23T21:24:16 | Node relationship created | fed_policy->us_inflation_impact_on_healthcare_stocks | type=INFLUENCES
2025-08-23T21:24:16 | Replacement of article skipped | fed_policy | tf=medium cnt=3 < 5
2025-08-23T21:24:16 | Added article | Q7VVGNSQE | to existing topic fed_policy
2025-08-23T21:25:46 | Saved analysis | fed_policy | field "movers_scenarios" len=819
2025-08-23T21:27:27 | Node relationship removed | us_inflation->us_inflation_impact_on_healthcare_stocks | type=INFLUENCES
2025-08-23T21:27:28 | Node relationship created | us_inflation->us_inflation_impact_on_bitcoin | type=INFLUENCES
2025-08-23T21:27:33 | No replacement of article | us_inflation | new_article=Q7VVGNSQE
2025-08-23T21:27:33 | Added article | Q7VVGNSQE | to existing topic us_inflation
2025-08-23T21:27:53 | Saved analysis | fed_policy | field "swing_trade_or_outlook" len=733
2025-08-23T21:30:56 | Saved analysis | fed_policy | field "executive_summary" len=1079
2025-08-23T21:30:57 | Rewrite complete | fed_policy | total_chars=9623
2025-08-23T21:30:57 | Added article | 5JQEA5Z1T | to existing topic fed_policy
2025-08-23T21:32:07 | No replacement of article | us_10y | new_article=5JQEA5Z1T
2025-08-23T21:32:07 | Added article | 5JQEA5Z1T | to existing topic us_10y
2025-08-23T21:32:07 | Pipeline complete | pipeline | run complete
2025-08-23T21:32:09 | Retrieved articles | Tropical Storm Erin | Retrieved 10 from API
2025-08-23T21:38:31 | Node relationship removed | fed_policy->us_inflation_impact_on_healthcare_stocks | type=INFLUENCES
2025-08-23T21:38:31 | Node relationship created | fed_policy->gold | type=INFLUENCES
2025-08-23T21:38:37 | Article replaced | fed_policy | old=C4QPV9DTR new=73G2X5JK2
2025-08-23T21:38:43 | Triggered rewrite | fed_policy | new_article=73G2X5JK2
2025-08-23T21:40:02 | Node relationship removed | us_inflation->us_inflation_impact_on_bitcoin | type=INFLUENCES
2025-08-23T21:40:02 | Node relationship created | us_inflation->euro_inflation | type=INFLUENCES
2025-08-23T21:40:06 | Article replaced | us_inflation | old=U0I2AFHOV new=A7VLN74BK
2025-08-23T21:40:19 | Triggered rewrite | us_inflation | new_article=A7VLN74BK
2025-08-23T21:41:57 | Saved analysis | fed_policy | field "fundamental_analysis" len=1003
2025-08-23T21:43:41 | Saved analysis | fed_policy | field "medium_analysis" len=1756
2025-08-23T21:44:01 | Saved analysis | us_inflation | field "fundamental_analysis" len=2394
2025-08-23T21:47:34 | Saved analysis | us_inflation | field "medium_analysis" len=2843
2025-08-23T21:50:27 | Saved analysis | fed_policy | field "current_analysis" len=3224
2025-08-23T21:53:11 | Node relationship created | usd->us_10y | type=INFLUENCES
2025-08-23T21:53:11 | Replacement of article skipped | usd | tf=current cnt=4 < 5
2025-08-23T21:53:11 | Added article | RHRO98UVW | to existing topic usd
2025-08-23T21:54:16 | Node relationship created | stablecoin_impact_on_banking->stablecoins | type=INFLUENCES
2025-08-23T21:54:16 | Replacement of article skipped | stablecoin_impact_on_banking | tf=current cnt=1 < 5
2025-08-23T21:54:16 | Added article | RHRO98UVW | to existing topic stablecoin_impact_on_banking
2025-08-23T21:55:07 | Saved analysis | fed_policy | field "drivers" len=1096
2025-08-23T21:56:51 | Saved analysis | fed_policy | field "movers_scenarios" len=806
2025-08-23T21:58:58 | Saved analysis | fed_policy | field "swing_trade_or_outlook" len=868
2025-08-23T21:59:21 | Pipeline complete | pipeline | run complete
2025-08-23T21:59:22 | Retrieved articles | Euro Area Inflation | Retrieved 0 from API
2025-08-23T21:59:22 | Pipeline complete | pipeline | run complete
2025-08-23T21:59:23 | Retrieved articles | Ukraine Sovereignty | Retrieved 10 from API
2025-08-23T22:00:58 | Saved analysis | fed_policy | field "executive_summary" len=1318
2025-08-23T22:00:58 | Rewrite complete | fed_policy | total_chars=10071
2025-08-23T22:00:58 | Added article | 73G2X5JK2 | to existing topic fed_policy
2025-08-23T22:01:22 | Node relationship created | us_10y->us_treasury_yields | type=INFLUENCES
2025-08-23T22:01:26 | No replacement of article | us_10y | new_article=73G2X5JK2
2025-08-23T22:01:27 | Added article | 73G2X5JK2 | to existing topic us_10y
2025-08-23T22:02:30 | Node relationship created | us_10y->eurusd | type=INFLUENCES
2025-08-23T22:02:30 | Replacement of article skipped | eurusd | tf=current cnt=3 < 5
2025-08-23T22:02:30 | Added article | 73G2X5JK2 | to existing topic eurusd
2025-08-23T22:04:05 | Node relationship created | usd->copper | type=INFLUENCES
2025-08-23T22:04:07 | No replacement of article | usd | new_article=73G2X5JK2
2025-08-23T22:04:07 | Added article | 73G2X5JK2 | to existing topic usd
2025-08-23T22:07:05 | Node relationship created | gold->us_inflation_expectations | type=INFLUENCES
2025-08-23T22:07:06 | Replacement of article skipped | gold | tf=current cnt=1 < 5
2025-08-23T22:07:06 | Added article | 73G2X5JK2 | to existing topic gold
2025-08-23T22:08:09 | Node relationship removed | sp500->copper | type=INFLUENCES
2025-08-23T22:08:09 | Node relationship created | sp500->gold | type=INFLUENCES
2025-08-23T22:08:11 | No replacement of article | sp500 | new_article=73G2X5JK2
2025-08-23T22:08:11 | Added article | 73G2X5JK2 | to existing topic sp500
2025-08-23T22:17:12 | Node relationship removed | us_tariffs->us_tariffs_brazil | type=INFLUENCES
2025-08-23T22:17:12 | Node relationship created | us_tariffs->us_tariffs_pharmaceuticals_semiconductors | type=INFLUENCES
2025-08-23T22:17:15 | No replacement of article | us_tariffs | new_article=JIOBLQSJP
2025-08-23T22:17:15 | Added article | JIOBLQSJP | to existing topic us_tariffs
2025-08-23T22:21:29 | Node relationship removed | fed_policy->us_inflation_impact_on_stocks | type=INFLUENCES
2025-08-23T22:21:30 | Node relationship created | fed_policy->us_inflation_impact_on_healthcare_stocks | type=INFLUENCES
2025-08-23T22:21:37 | Article replaced | fed_policy | old=MA68N67N8 new=YB758UDBU
2025-08-23T22:21:39 | Triggered rewrite | fed_policy | new_article=YB758UDBU
2025-08-23T22:33:26 | Saved analysis | fed_policy | field "medium_analysis" len=3700
2025-08-23T22:37:36 | Saved analysis | fed_policy | field "current_analysis" len=2973
2025-08-23T22:39:05 | Saved analysis | fed_policy | field "drivers" len=2132
2025-08-23T22:40:37 | Node relationship removed | us_inflation->us_inflation_impact_on_stocks | type=INFLUENCES
2025-08-23T22:40:37 | Node relationship created | us_inflation->core_monthly_cpi | type=INFLUENCES
2025-08-23T22:40:41 | Article replaced | us_inflation | old=NL61WXQQ7 new=X25AHBVDO
2025-08-23T22:40:46 | Triggered rewrite | us_inflation | new_article=X25AHBVDO
2025-08-23T22:42:13 | Saved analysis | fed_policy | field "movers_scenarios" len=967
2025-08-23T22:45:00 | Saved analysis | fed_policy | field "swing_trade_or_outlook" len=839
2025-08-23T22:45:24 | Saved analysis | us_inflation | field "fundamental_analysis" len=1818
2025-08-23T22:47:31 | Saved analysis | us_inflation | field "medium_analysis" len=4794
2025-08-23T22:48:32 | Saved analysis | fed_policy | field "executive_summary" len=1246
2025-08-23T22:48:33 | Rewrite complete | fed_policy | total_chars=11857
2025-08-23T22:48:33 | Added article | YB758UDBU | to existing topic fed_policy
2025-08-23T22:52:19 | Node relationship removed | us_10y->us_inflation_impact_on_bitcoin | type=INFLUENCES
2025-08-23T22:52:19 | Node relationship created | us_10y->eurostoxx50 | type=INFLUENCES
2025-08-23T22:52:22 | No replacement of article | us_10y | new_article=FOA2XZ9D3
2025-08-23T22:52:22 | Added article | FOA2XZ9D3 | to existing topic us_10y
2025-08-23T22:54:28 | Node relationship removed | us_10y->30yr_tips_auction | type=INFLUENCES
2025-08-23T22:54:28 | Node relationship created | us_10y->us_inflation_impact_on_bitcoin | type=INFLUENCES
2025-08-23T22:54:37 | No replacement of article | us_10y | new_article=08EIPMJ89
2025-08-23T22:54:37 | Added article | 08EIPMJ89 | to existing topic us_10y
2025-08-23T22:57:45 | Node relationship created | gold->fed_policy | type=INFLUENCES
2025-08-23T22:57:45 | Replacement of article skipped | gold | tf=fundamental cnt=3 < 5
2025-08-23T22:57:45 | Added article | E0I6DNFD5 | to existing topic gold
2025-08-23T22:57:55 | Pipeline complete | pipeline | run complete
2025-08-23T22:57:57 | Retrieved articles | US Flooding Events | Retrieved 10 from API
2025-08-23T22:59:20 | Pipeline complete | pipeline | run complete
2025-08-23T22:59:21 | Retrieved articles | Political Influence on Stocks | Retrieved 10 from API
2025-08-23T23:05:09 | Node relationship removed | us_10y->us_inflation_impact_on_bitcoin | type=INFLUENCES
2025-08-23T23:05:09 | Node relationship created | us_10y->us_inflation_data | type=INFLUENCES
2025-08-23T23:05:14 | No replacement of article | us_10y | new_article=S545YX4ZA
2025-08-23T23:05:14 | Added article | S545YX4ZA | to existing topic us_10y
2025-08-23T23:12:45 | Node relationship removed | us_10y->us_inflation_impact_on_healthcare_stocks | type=INFLUENCES
2025-08-23T23:12:45 | Node relationship created | us_10y->30yr_tips_auction | type=INFLUENCES
2025-08-23T23:12:51 | Article replaced | us_10y | old=QDUK5Z3KX new=U1KRCQOYR
2025-08-23T23:12:55 | Triggered rewrite | us_10y | new_article=U1KRCQOYR
2025-08-23T23:13:10 | Node relationship removed | ukraine_geopolitical_security->wheat | type=INFLUENCES
2025-08-23T23:13:10 | Node relationship created | ukraine_geopolitical_security->us_russia_ukraine_land_deal | type=INFLUENCES
2025-08-23T23:13:11 | Replacement of article skipped | ukraine_geopolitical_security | tf=current cnt=3 < 5
2025-08-23T23:13:11 | Added article | 7YQN9WX3K | to existing topic ukraine_geopolitical_security
2025-08-23T23:14:45 | Node relationship created | russia_economic_crisis->russian_sanctions | type=INFLUENCES
2025-08-23T23:14:46 | Replacement of article skipped | russia_economic_crisis | tf=current cnt=1 < 5
2025-08-23T23:14:46 | Added article | 7YQN9WX3K | to existing topic russia_economic_crisis
2025-08-23T23:15:57 | Node relationship removed | us_10y->eurusd | type=INFLUENCES
2025-08-23T23:15:57 | Node relationship created | us_10y->us_inflation_impact_on_healthcare_stocks | type=INFLUENCES
2025-08-23T23:16:00 | Article replaced | us_10y | old=S545YX4ZA new=7YQN9WX3K
2025-08-23T23:16:05 | Triggered rewrite | us_10y | new_article=7YQN9WX3K
2025-08-23T23:18:07 | Saved analysis | us_10y | field "fundamental_analysis" len=3221
2025-08-23T23:22:00 | Saved analysis | us_10y | field "fundamental_analysis" len=2675
2025-08-23T23:25:51 | Saved analysis | us_10y | field "medium_analysis" len=1774
2025-08-23T23:26:38 | Saved analysis | us_10y | field "medium_analysis" len=2270
2025-08-23T23:29:19 | Saved analysis | us_10y | field "current_analysis" len=1355
2025-08-23T23:30:58 | Saved analysis | us_10y | field "current_analysis" len=2082
2025-08-23T23:32:25 | Saved analysis | us_10y | field "drivers" len=2340
2025-08-23T23:33:14 | Saved analysis | us_10y | field "drivers" len=1335
2025-08-23T23:34:59 | Saved analysis | us_10y | field "movers_scenarios" len=747
2025-08-23T23:37:57 | Saved analysis | us_10y | field "swing_trade_or_outlook" len=628
2025-08-23T23:40:40 | Saved analysis | us_10y | field "executive_summary" len=841
2025-08-23T23:40:40 | Rewrite complete | us_10y | total_chars=10578
2025-08-23T23:40:41 | Added article | 7YQN9WX3K | to existing topic us_10y
2025-08-23T23:42:25 | Node relationship created | usd->eurusd | type=INFLUENCES
2025-08-23T23:42:28 | No replacement of article | usd | new_article=7YQN9WX3K
2025-08-23T23:42:28 | Added article | 7YQN9WX3K | to existing topic usd
2025-08-23T23:43:06 | Saved analysis | us_10y | field "movers_scenarios" len=581
2025-08-23T23:45:16 | Node relationship created | eur->eurusd | type=INFLUENCES
2025-08-23T23:45:22 | No replacement of article | eur | new_article=7YQN9WX3K
2025-08-23T23:45:22 | Added article | 7YQN9WX3K | to existing topic eur
2025-08-23T23:45:50 | Pipeline complete | pipeline | run complete
2025-08-23T23:45:52 | Retrieved articles | Frontline Gap | Retrieved 10 from API
2025-08-23T23:53:32 | Node relationship removed | us_inflation->euro_inflation | type=INFLUENCES
2025-08-23T23:53:33 | Node relationship created | us_inflation->us_inflation_impact_on_stocks | type=INFLUENCES
2025-08-23T23:53:39 | Article replaced | us_inflation | old=7YRAHG7PI new=I31IANVAF
2025-08-23T23:53:42 | Triggered rewrite | us_inflation | new_article=I31IANVAF
2025-08-23T23:55:39 | Saved analysis | us_10y | field "swing_trade_or_outlook" len=658
2025-08-23T23:58:21 | Saved analysis | us_10y | field "executive_summary" len=730
2025-08-23T23:58:21 | Rewrite complete | us_10y | total_chars=10659
2025-08-23T23:58:21 | Added article | U1KRCQOYR | to existing topic us_10y
