2025-08-22T00:04:35 | Retrieved articles | Gold | Retrieved 10 from API
2025-08-22T00:07:54 | Retrieved articles | Puerto Rico Tourism Violence | Retrieved 10 from API
2025-08-22T00:08:09 | Retrieved articles | Zelensky's Role in Peace Negotiations | Retrieved 10 from API
2025-08-22T00:10:38 | Topic rejected | name=Resort Fees | category=macro_driver | failure=industry_vertical
2025-08-22T00:10:38 | Failed to create new topic for article | EAZG9L2O8 | to new topic None
2025-08-22T00:10:53 | Topic rejected | name=Resort Fees | category=macro_driver | failure=industry_vertical
2025-08-22T00:10:53 | Failed to create new topic for article | 98W58OKGI | to new topic None
2025-08-22T00:11:13 | Node relationship created | us_tariffs_on_technology->us_tariffs_pharmaceuticals_semiconductors | type=INFLUENCES
2025-08-22T00:11:13 | Replacement of article skipped | us_tariffs_on_technology | tf=fundamental cnt=3 < 5
2025-08-22T00:11:13 | Added article | ANFBBUSBZ | to existing topic us_tariffs_on_technology
2025-08-22T00:11:34 | Node relationship removed | us_inflation->us_trade_policy_inflation | type=INFLUENCES
2025-08-22T00:11:34 | Error | - | Relationship remove error | us_inflation->us_trade_policy_inflation | type=INFLUENCES Error: Object of type DateTime is not JSON serializable
2025-08-22T00:11:58 | Node relationship removed | us_inflation->30yr_tips_auction | type=INFLUENCES
2025-08-22T00:11:58 | Error | - | Relationship remove error | us_inflation->30yr_tips_auction | type=INFLUENCES Error: Object of type DateTime is not JSON serializable
2025-08-22T09:11:09 | Retrieved articles | LA Street Takeovers | Retrieved 10 from API
2025-08-22T09:12:44 | Node relationship removed | us_tariffs->us_tariff_hikes_indian_diamonds | type=INFLUENCES
2025-08-22T09:12:44 | Error | - | Relationship remove error | us_tariffs->us_tariff_hikes_indian_diamonds | type=INFLUENCES Error: Object of type DateTime is not JSON serializable
2025-08-22T09:13:02 | Node relationship created | us_china_trade_tensions->us_tariffs_semiconductors | type=INFLUENCES
2025-08-22T09:13:02 | Replacement of article skipped | us_china_trade_tensions | tf=fundamental cnt=1 < 5
2025-08-22T09:13:02 | Added article | DOSOOTJU1 | to existing topic us_china_trade_tensions
2025-08-22T09:13:15 | Node relationship created | ukraine_geopolitical_security->ukraine_sovereignty | type=INFLUENCES
2025-08-22T09:13:17 | No replacement of article | ukraine_geopolitical_security | new_article=DOSOOTJU1
2025-08-22T09:13:17 | Added article | DOSOOTJU1 | to existing topic ukraine_geopolitical_security
2025-08-22T09:13:36 | Node relationship created | us_inflation->us_inflation_expectations | type=INFLUENCES
2025-08-22T09:13:37 | Article replaced | us_inflation | old=F5SAMMTDG new=MQJOAEKU3
2025-08-22T09:13:45 | Topic rejected | name=Postman commits small act of kindness and becomes a ‘laundry hero’ | category=None | failure=proposal_null
2025-08-22T09:13:45 | Failed to create new topic for article | UA7MJGSJL | to new topic None
2025-08-22T09:13:54 | Topic rejected | name=In the Heart of London Finance, Canary Wharf Becomes a Swim Spot | category=None | failure=proposal_null
2025-08-22T09:13:54 | Failed to create new topic for article | 8RD6IE8LV | to new topic None
2025-08-22T09:14:02 | Topic rejected | name=Word of the Day: gulag | category=None | failure=proposal_null
2025-08-22T09:14:02 | Failed to create new topic for article | WKSIOBPGG | to new topic None
2025-08-22T09:14:02 | Pipeline complete | pipeline | run complete
2025-08-22T09:14:03 | Retrieved articles | Asia Undiscovered Gems | Retrieved 10 from API
2025-08-22T09:17:17 | Topic added | name=Saudi Vision 2030 | category=policy | importance=5
2025-08-22T09:20:03 | Topic added | name=Middle East Investment | category=macro_driver | importance=5
2025-08-22T09:20:24 | Node relationship created | middle_east_investment->middle_east_sovereign_funds | type=INFLUENCES
2025-08-22T09:20:24 | Replacement of article skipped | middle_east_investment | tf=fundamental cnt=1 < 5
2025-08-22T09:20:24 | Added article | 1N8X6GTA2 | to new topic middle_east_investment
2025-08-22T09:21:21 | Retrieved articles | Europe Heatwaves and Wildfires | Retrieved 10 from API
2025-08-22T09:23:39 | Node relationship created | us_urban_crime->racialized_narratives_urban_crime | type=INFLUENCES
2025-08-22T09:23:39 | Replacement of article skipped | us_urban_crime | tf=current cnt=1 < 5
2025-08-22T09:23:39 | Added article | C9L5KZZJZ | to existing topic us_urban_crime
2025-08-22T09:23:51 | Topic rejected | name=Kate Middleton's summer shorts are having a major style moment | category=None | failure=proposal_null
2025-08-22T09:23:51 | Failed to create new topic for article | 5BQP5ROK0 | to new topic None
2025-08-22T09:24:11 | Node relationship created | euro_inflation->us_inflation | type=PEERS
2025-08-22T09:24:11 | Replacement of article skipped | euro_inflation | tf=current cnt=1 < 5
2025-08-22T09:24:11 | Added article | 52EQBV548 | to existing topic euro_inflation
2025-08-22T09:24:23 | Node relationship created | eur->usd | type=PEERS
2025-08-22T09:24:23 | Replacement of article skipped | eur | tf=current cnt=1 < 5
2025-08-22T09:24:23 | Added article | 52EQBV548 | to existing topic eur
2025-08-22T09:24:42 | Topic rejected | name=IRLAB Therapeutics | category=company | failure=industry_vertical
2025-08-22T09:24:42 | Failed to create new topic for article | ZUZ7GFNM2 | to new topic None
2025-08-22T09:25:06 | Topic rejected | name=Buloxibutid in IPF | category=asset | failure=industry_vertical
2025-08-22T09:25:06 | Failed to create new topic for article | COY8LGAVW | to new topic None
2025-08-22T09:25:25 | Topic rejected | name=Inside Meghan's desire for 'world fame' and 'privacy' - royal author | category=None | failure=proposal_null
2025-08-22T09:25:25 | Failed to create new topic for article | OBNLJ9YW6 | to new topic None
2025-08-22T09:25:36 | Topic rejected | name=Band's ruthless response after Virgin Australia loses instruments | category=None | failure=proposal_null
2025-08-22T09:25:36 | Failed to create new topic for article | BXWMQFCH8 | to new topic None
2025-08-22T09:25:51 | Topic rejected | name=Donald Trump celebrates legal win against Letitia James | category=None | failure=proposal_null
2025-08-22T09:25:51 | Failed to create new topic for article | 820BUY8H1 | to new topic None
2025-08-22T09:25:51 | Pipeline complete | pipeline | run complete
2025-08-22T09:25:52 | Retrieved articles | US-China AI Chip Agreement | Retrieved 10 from API
2025-08-22T09:27:02 | Topic rejected | name=Guess who! Australian model shares adorable childhood throwback | category=None | failure=proposal_null
2025-08-22T09:27:02 | Failed to create new topic for article | U2OPHU9GR | to new topic None
2025-08-22T09:27:18 | Topic rejected | name=UK Steel Policy | category=policy | failure=industry_vertical
2025-08-22T09:27:18 | Failed to create new topic for article | X3FPSJJQU | to new topic None
2025-08-22T09:27:46 | Topic rejected | name=Hurricane Erin | category=macro_driver | failure=not_macro
2025-08-22T09:27:46 | Failed to create new topic for article | 2JSP9U6SJ | to new topic None
2025-08-22T09:28:52 | Topic rejected | name=Accrual Ratio | category=company | failure=not_macro
2025-08-22T09:28:52 | Failed to create new topic for article | GLWUA8C3Z | to new topic None
2025-08-22T09:29:01 | Topic rejected | name=Tragedy as woman in her 40s dies in major supermarket | category=None | failure=proposal_null
2025-08-22T09:29:01 | Failed to create new topic for article | TB81TM1MV | to new topic None
2025-08-22T09:29:25 | Node relationship created | ukraine_geopolitical_security->us_inflation | type=INFLUENCES
2025-08-22T09:29:25 | Replacement of article skipped | ukraine_geopolitical_security | tf=current cnt=1 < 5
2025-08-22T09:29:25 | Added article | 5XV7QKK07 | to existing topic ukraine_geopolitical_security
2025-08-22T09:29:43 | Error | - | Relationship create error | us_russia_relations->us_tariffs_on_semiconductors | type=INFLUENCES Error: Cannot create link: source or target node missing. Link: {'motivation': 'US‑Russia relations influence US trade policy, including tariffs on semiconductors, as geopolitical tensions affect supply‑chai
2025-08-22T09:29:53 | Topic rejected | name=Hong Kong lawmakers urge more teacher training to spot serious child abuse cases | category=None | failure=proposal_null
2025-08-22T09:29:53 | Failed to create new topic for article | 6ERZ4AK74 | to new topic None
2025-08-22T09:30:03 | Topic rejected | name=Teen arrested after 'young child' found in water | category=None | failure=proposal_null
2025-08-22T09:30:03 | Failed to create new topic for article | EW0RDXXIS | to new topic None
2025-08-22T09:30:13 | Topic rejected | name=Festivals in the West this bank holiday weekend | category=None | failure=proposal_null
2025-08-22T09:30:13 | Failed to create new topic for article | 26DWSO5HR | to new topic None
2025-08-22T09:30:13 | Pipeline complete | pipeline | run complete
2025-08-22T09:30:14 | Retrieved articles | US Fiscal Outlook | Retrieved 10 from API
2025-08-22T09:32:44 | Topic rejected | name=Earth Observation Data | category=macro_event | failure=industry_vertical
2025-08-22T09:32:44 | Failed to create new topic for article | SDSOFPMA9 | to new topic None
2025-08-22T09:32:58 | Topic rejected | name=Best Google Pixel 9 and Pixel 9 Pro plans in Australia (August 2025) | category=None | failure=proposal_null
2025-08-22T09:32:58 | Failed to create new topic for article | LDKKUK5S7 | to new topic None
2025-08-22T09:33:21 | Topic rejected | name=India AI Market | category=micro_driver | failure=industry_vertical
2025-08-22T09:33:21 | Failed to create new topic for article | LXG6S7K3Y | to new topic None
2025-08-22T09:33:32 | Topic rejected | name=5 hacks for helping working parents reduce the mental load | category=None | failure=proposal_null
2025-08-22T09:33:32 | Failed to create new topic for article | JB6KPLSUR | to new topic None
2025-08-22T09:34:00 | Node relationship created | ai_application_companies->ai_stock_performance | type=INFLUENCES
2025-08-22T09:34:00 | Replacement of article skipped | ai_application_companies | tf=medium cnt=1 < 5
2025-08-22T09:34:00 | Added article | R8GVQ7F29 | to existing topic ai_application_companies
2025-08-22T09:34:09 | Node relationship created | ai_governance->ai_evaluation_monitoring | type=INFLUENCES
2025-08-22T09:34:09 | Replacement of article skipped | ai_governance | tf=medium cnt=1 < 5
2025-08-22T09:34:09 | Added article | R8GVQ7F29 | to existing topic ai_governance
2025-08-22T09:34:21 | Topic rejected | name=How to bypass UK porn sites age verification in 2025 | category=None | failure=proposal_null
2025-08-22T09:34:21 | Failed to create new topic for article | RY5B78A8V | to new topic None
2025-08-22T09:34:32 | Topic rejected | name=Watch this awesome boost-back burn on a returning SpaceX rocket | category=None | failure=proposal_null
2025-08-22T09:34:33 | Failed to create new topic for article | PW9PV6V9W | to new topic None
2025-08-22T09:34:44 | Topic rejected | name=Encryption Policy | category=None | failure=proposal_null
2025-08-22T09:34:45 | Failed to create new topic for article | IWTZI4WB5 | to new topic None
2025-08-22T09:35:04 | Node relationship created | third_party_cybersecurity_risks->third_party_vendor_risk | type=INFLUENCES
2025-08-22T09:35:04 | Replacement of article skipped | third_party_cybersecurity_risks | tf=current cnt=1 < 5
2025-08-22T09:35:04 | Added article | NENHMLRH3 | to existing topic third_party_cybersecurity_risks
2025-08-22T09:35:12 | Topic rejected | name=Google is supercharging screenshot editing on your Pixel with Android 16 QPR2 Beta 1 | category=None | failure=proposal_null
2025-08-22T09:35:12 | Failed to create new topic for article | X7GNNSDLK | to new topic None
2025-08-22T09:35:12 | Pipeline complete | pipeline | run complete
2025-08-22T09:35:13 | Retrieved articles | Toronto Purpose-Built Rental Development | Retrieved 10 from API
2025-08-22T09:36:12 | Topic rejected | name=Florida nurse Alexis Von Yates takes plea deal after husband caught her allegedly having sex with 15-year-old stepson | category=None | failure=proposal_null
2025-08-22T09:36:12 | Failed to create new topic for article | 7XEQKAPRC | to new topic None
2025-08-22T09:36:21 | Topic rejected | name=Fantasy Premier League live Q&A: Gameweek Two advice from Ben Dinnery | category=None | failure=proposal_null
2025-08-22T09:36:21 | Failed to create new topic for article | 87SMJ8DTD | to new topic None
2025-08-22T09:36:48 | Topic rejected | name=ProSocial AI | category=macro_trend | failure=industry_vertical
2025-08-22T09:36:48 | Failed to create new topic for article | V66UMHUM2 | to new topic None
2025-08-22T09:37:00 | Topic rejected | name=Cincinnati police union rips arrest of White victim in viral street attack as political interference | category=None | failure=proposal_null
2025-08-22T09:37:00 | Failed to create new topic for article | 7XO34KAP4 | to new topic None
2025-08-22T09:37:14 | Topic rejected | name=The Truth About Cruise Ship Internet And How To Get It Cheaper | category=None | failure=proposal_null
2025-08-22T09:37:14 | Failed to create new topic for article | SIJGI8YB1 | to new topic None
2025-08-22T09:37:45 | Node relationship created | us_tariffs->us_tariffs_semiconductors | type=INFLUENCES
2025-08-22T09:37:45 | Replacement of article skipped | us_tariffs | tf=current cnt=1 < 5
2025-08-22T09:37:45 | Added article | EOJW5JXVQ | to existing topic us_tariffs
2025-08-22T09:37:57 | Replacement of article skipped | sp500 | tf=current cnt=3 < 5
2025-08-22T09:37:58 | Added article | EOJW5JXVQ | to existing topic sp500
2025-08-22T09:37:58 | Pipeline complete | pipeline | run complete
2025-08-22T09:37:59 | Retrieved articles | US Tariffs on Brazil | Retrieved 10 from API
2025-08-22T09:39:25 | Topic added | name=Iran Nuclear Sanctions | category=macro_driver | importance=2
2025-08-22T09:39:33 | Node relationship created | iran_nuclear_sanctions->iran_nuclear_program | type=INFLUENCES
2025-08-22T09:39:33 | Replacement of article skipped | iran_nuclear_sanctions | tf=current cnt=1 < 5
2025-08-22T09:39:34 | Added article | 9X601KXT0 | to new topic iran_nuclear_sanctions
2025-08-22T09:39:50 | Node relationship created | iran_nuclear_program->iran_nuclear_sanctions | type=INFLUENCES
2025-08-22T09:39:51 | Replacement of article skipped | iran_nuclear_program | tf=current cnt=1 < 5
2025-08-22T09:39:51 | Added article | VV606LNB5 | to existing topic iran_nuclear_program
2025-08-22T09:40:06 | Node relationship created | us_russia_relations->us_russia_ukraine_land_deal | type=INFLUENCES
2025-08-22T09:40:06 | Replacement of article skipped | us_russia_relations | tf=current cnt=2 < 5
2025-08-22T09:40:06 | Added article | VV606LNB5 | to existing topic us_russia_relations
2025-08-22T09:40:31 | Node relationship created | iran_nuclear_program->middle_east_investment | type=INFLUENCES
2025-08-22T09:40:32 | Replacement of article skipped | iran_nuclear_program | tf=current cnt=2 < 5
2025-08-22T09:40:32 | Added article | AZCFNQHGG | to existing topic iran_nuclear_program
2025-08-22T09:41:05 | Node relationship removed | us_russia_relations->us_china_tariffs | type=INFLUENCES
2025-08-22T09:41:05 | Error | - | Relationship remove error | us_russia_relations->us_china_tariffs | type=INFLUENCES Error: Object of type DateTime is not JSON serializable
2025-08-22T09:41:34 | Topic added | name=Iran Nuclear Sanctions | category=macro_driver | importance=1
2025-08-22T09:41:41 | Node relationship created | iran_nuclear_sanctions->oil | type=INFLUENCES
2025-08-22T09:41:41 | Replacement of article skipped | iran_nuclear_sanctions | tf=current cnt=2 < 5
2025-08-22T09:41:41 | Added article | R61VKRW87 | to new topic iran_nuclear_sanctions
2025-08-22T09:42:04 | Topic added | name=Iran Nuclear Program | category=policy | importance=1
2025-08-22T09:42:10 | Node relationship created | iran_nuclear_program->us_chip_trade_policy | type=INFLUENCES
2025-08-22T09:42:11 | Replacement of article skipped | iran_nuclear_program | tf=current cnt=3 < 5
2025-08-22T09:42:11 | Added article | KLFK5AN7P | to new topic iran_nuclear_program
2025-08-22T09:42:34 | Node relationship created | iran_nuclear_program->us_nuclear_capacity | type=INFLUENCES
2025-08-22T09:42:34 | Replacement of article skipped | iran_nuclear_program | tf=current cnt=4 < 5
2025-08-22T09:42:34 | Added article | 9HAPNGUHH | to existing topic iran_nuclear_program
2025-08-22T09:43:01 | Topic added | name=Iran Nuclear Sanctions | category=macro_driver | importance=4
2025-08-22T09:43:15 | Node relationship created | iran_nuclear_sanctions->us_tariffs_on_technology | type=INFLUENCES
2025-08-22T09:43:15 | Replacement of article skipped | iran_nuclear_sanctions | tf=current cnt=3 < 5
2025-08-22T09:43:15 | Added article | 9HAPNGUHH | to new topic iran_nuclear_sanctions
2025-08-22T09:44:02 | Topic added | name=Iran Nuclear Sanctions | category=military | importance=4
2025-08-22T09:44:11 | Node relationship created | iran_nuclear_sanctions->middle_east_investment | type=INFLUENCES
2025-08-22T09:44:11 | Replacement of article skipped | iran_nuclear_sanctions | tf=current cnt=4 < 5
2025-08-22T09:44:11 | Added article | EUWPOUVU2 | to new topic iran_nuclear_sanctions
2025-08-22T09:44:45 | Topic added | name=Iran Nuclear Program | category=macro_driver | importance=2
2025-08-22T09:44:53 | Node relationship created | iran_nuclear_program->us_tariffs_on_technology | type=INFLUENCES
2025-08-22T09:44:55 | Article replaced | iran_nuclear_program | old=VV606LNB5 new=IS30UA9YS
2025-08-22T09:45:19 | Node relationship created | investment_risks->sp500 | type=INFLUENCES
2025-08-22T09:45:19 | Replacement of article skipped | investment_risks | tf=fundamental cnt=3 < 5
2025-08-22T09:45:19 | Added article | PA0F5MLE5 | to existing topic investment_risks
2025-08-22T09:45:42 | Topic rejected | name=Avolta AG | category=macro_driver | failure=industry_vertical
2025-08-22T09:45:42 | Failed to create new topic for article | PA0F5MLE5 | to new topic None
2025-08-22T09:46:01 | Topic rejected | name=Scottish Conservatives | category=ambiguous | failure=not_macro
2025-08-22T09:46:02 | Failed to create new topic for article | R9VEVWZYP | to new topic None
2025-08-22T09:46:02 | Pipeline complete | pipeline | run complete
2025-08-22T09:46:03 | Retrieved articles | Vein Graphite | Retrieved 10 from API
2025-08-22T09:47:52 | Node relationship created | us_stock_buybacks->us_inflation | type=INFLUENCES
2025-08-22T09:47:53 | Replacement of article skipped | us_stock_buybacks | tf=current cnt=1 < 5
2025-08-22T09:47:53 | Added article | QN8BJOAKI | to existing topic us_stock_buybacks
2025-08-22T09:47:54 | Topic rejected | name=Some Pixel owners are getting a more powerful At A Glance widget | category=None | failure=proposal_null
2025-08-22T09:47:54 | Failed to create new topic for article | QN8BJOAKI | to new topic None
2025-08-22T09:48:13 | Node relationship created | ai_application_companies->ai_productivity | type=INFLUENCES
2025-08-22T09:48:13 | Replacement of article skipped | ai_application_companies | tf=medium cnt=2 < 5
2025-08-22T09:48:13 | Added article | WEDDJ20M8 | to existing topic ai_application_companies
2025-08-22T09:48:25 | Node relationship created | geopolitics_corporate_strategy->us_trade_policy_inflation | type=INFLUENCES
2025-08-22T09:48:26 | Replacement of article skipped | geopolitics_corporate_strategy | tf=medium cnt=1 < 5
2025-08-22T09:48:26 | Added article | WEDDJ20M8 | to existing topic geopolitics_corporate_strategy
2025-08-22T09:48:48 | Node relationship created | us_china_trade_talks->us_china_tariff_truce | type=INFLUENCES
2025-08-22T09:48:49 | Article replaced | us_china_trade_talks | old=RQ5TQ3OL0 new=PTJF3Y2GX
2025-08-22T09:49:14 | Topic rejected | name=Windows 10 Support Extension | category=macro_other | failure=industry_vertical
2025-08-22T09:49:14 | Failed to create new topic for article | Y19YTLGVI | to new topic None
2025-08-22T09:49:42 | Topic rejected | name=European Earth Observation Data | category=Earth Observation | failure=industry_vertical
2025-08-22T09:49:42 | Failed to create new topic for article | MKQ9P0HAE | to new topic None
2025-08-22T09:49:53 | Topic rejected | name=Best Google Pixel 9 and Pixel 9 Pro plans in Australia (August 2025) | category=None | failure=proposal_null
2025-08-22T09:49:53 | Failed to create new topic for article | SC2LW5U3E | to new topic None
2025-08-22T10:03:22 | Node relationship created | ai_productivity->ai_stock_performance | type=INFLUENCES
2025-08-22T10:03:22 | Replacement of article skipped | ai_productivity | tf=medium cnt=1 < 5
2025-08-22T10:03:22 | Added article | XXQG9NAG4 | to existing topic ai_productivity
2025-08-22T10:03:31 | Node relationship created | workplace_stress->mental_health_violence | type=INFLUENCES
2025-08-22T10:03:31 | Replacement of article skipped | workplace_stress | tf=medium cnt=1 < 5
2025-08-22T10:03:31 | Added article | XXQG9NAG4 | to existing topic workplace_stress
2025-08-22T10:03:42 | Topic rejected | name=Watch this awesome boost-back burn on a returning SpaceX rocket | category=None | failure=proposal_null
2025-08-22T10:03:43 | Failed to create new topic for article | I0FSQH49C | to new topic None
2025-08-22T10:03:53 | Topic rejected | name=Encryption Policy | category=None | failure=proposal_null
2025-08-22T10:03:53 | Failed to create new topic for article | BUO0LFPHK | to new topic None
2025-08-22T10:03:54 | Pipeline complete | pipeline | run complete
2025-08-22T10:03:55 | Retrieved articles | Outcomes Over Hours | Retrieved 10 from API
2025-08-22T10:05:13 | Topic rejected | name=Tour Championship: Second round tee times, how to watch, leaderboard today | category=None | failure=proposal_null
2025-08-22T10:05:13 | Failed to create new topic for article | P4UF7DLVM | to new topic None
2025-08-22T10:05:28 | Topic rejected | name=Review: 'Long Story Short' is a moving tale of a modern Jewish American family | category=None | failure=proposal_null
2025-08-22T10:05:28 | Failed to create new topic for article | WVAB3E41J | to new topic None
2025-08-22T10:05:52 | Node relationship created | us_urban_crime->us_crime_rates_2024 | type=INFLUENCES
2025-08-22T10:05:53 | Replacement of article skipped | us_urban_crime | tf=current cnt=2 < 5
2025-08-22T10:05:53 | Added article | 3AL61B1XI | to existing topic us_urban_crime
2025-08-22T10:06:01 | Node relationship created | us_border_security->us_tariff_policies | type=INFLUENCES
2025-08-22T10:06:02 | Replacement of article skipped | us_border_security | tf=current cnt=1 < 5
2025-08-22T10:06:02 | Added article | 3AL61B1XI | to existing topic us_border_security
2025-08-22T10:06:15 | Topic rejected | name=For Two or Three Days, a Surfer’s Paradise in New York City | category=None | failure=proposal_null
2025-08-22T10:06:15 | Failed to create new topic for article | TM7G7QS5X | to new topic None
2025-08-22T10:06:44 | Topic rejected | name=Hurricane Erin | category=weather | failure=not_macro
2025-08-22T10:06:45 | Failed to create new topic for article | G5HOXDGDX | to new topic None
2025-08-22T10:06:55 | Topic rejected | name=For a Reporter, Writing About Bear Attacks in Romania Was a Homecoming of Sorts | category=None | failure=proposal_null
2025-08-22T10:06:56 | Failed to create new topic for article | 65VEHLHFF | to new topic None
2025-08-22T10:07:05 | Topic rejected | name=Qué significa gulag | category=None | failure=proposal_null
2025-08-22T10:07:05 | Failed to create new topic for article | Z8RRUJY64 | to new topic None
2025-08-22T10:07:18 | Topic rejected | name=Robert Moses Tore the South Bronx in Half. Is It About to Happen Again? | category=None | failure=proposal_null
2025-08-22T10:07:18 | Failed to create new topic for article | RFNR95ALD | to new topic None
2025-08-22T10:07:33 | Topic rejected | name=‘Las guerreras K-pop’ es una buena película. Esta es la razón | category=None | failure=proposal_null
2025-08-22T10:07:34 | Failed to create new topic for article | F49N96D2T | to new topic None
2025-08-22T10:07:34 | Pipeline complete | pipeline | run complete
2025-08-22T10:07:35 | Retrieved articles | Intel CEO Political Influence | Retrieved 10 from API
2025-08-22T10:08:27 | Topic added | name=US Net Migration | category=macro_driver | importance=4
2025-08-22T10:08:40 | Node relationship created | us_net_migration->us_border_security | type=INFLUENCES
2025-08-22T10:08:40 | Replacement of article skipped | us_net_migration | tf=current cnt=1 < 5
2025-08-22T10:08:40 | Added article | 8W9XJIHSG | to new topic us_net_migration
2025-08-22T10:09:06 | Error | - | Relationship create error | us_border_security->us_illegal_immigration_population_2023 | type=INFLUENCES Error: Cannot create link: source or target node missing. Link: {'motivation': 'US Border Security directly influences the size of the illegal immigration population, a critical metric for assessing policy i
2025-08-22T10:09:20 | Topic rejected | name=For a Reporter, Writing About Bear Attacks in Romania Was a Homecoming of Sorts | category=None | failure=proposal_null
2025-08-22T10:09:20 | Failed to create new topic for article | XSD4JH7RJ | to new topic None
2025-08-22T10:09:39 | Topic rejected | name=Duolingo AI Strategy | category=company | failure=industry_vertical
2025-08-22T10:09:39 | Failed to create new topic for article | W4N20AGZ7 | to new topic None
2025-08-22T10:09:49 | Topic rejected | name=‘Las guerreras K-pop’ es una buena película. Esta es la razón | category=None | failure=proposal_null
2025-08-22T10:09:50 | Failed to create new topic for article | 74ZYGZL24 | to new topic None
2025-08-22T10:10:14 | Node relationship created | us_china_chip_negotiations->us_china_tariff_truce | type=INFLUENCES
2025-08-22T10:10:15 | Replacement of article skipped | us_china_chip_negotiations | tf=current cnt=1 < 5
2025-08-22T10:10:15 | Added article | UV9M96PL6 | to existing topic us_china_chip_negotiations
2025-08-22T10:10:25 | Node relationship created | us_chip_trade_policy->us_tariffs_semiconductors | type=INFLUENCES
2025-08-22T10:10:25 | Replacement of article skipped | us_chip_trade_policy | tf=current cnt=1 < 5
2025-08-22T10:10:25 | Added article | UV9M96PL6 | to existing topic us_chip_trade_policy
2025-08-22T10:10:58 | Topic added | name=German Retail Investment | category=macro_driver | importance=3
2025-08-22T10:11:09 | Replacement of article skipped | german_retail_investment | tf=medium cnt=1 < 5
2025-08-22T10:11:09 | Added article | 4AVX1ENY2 | to new topic german_retail_investment
2025-08-22T10:11:09 | Pipeline complete | pipeline | run complete
2025-08-22T10:11:11 | Retrieved articles | Foreign High-Frequency Trading in India | Retrieved 10 from API
2025-08-22T10:12:18 | Topic rejected | name=Tour Championship: Second round tee times, how to watch, leaderboard today | category=None | failure=proposal_null
2025-08-22T10:12:18 | Failed to create new topic for article | 5RG23P0LE | to new topic None
2025-08-22T10:12:33 | Topic rejected | name=Review: 'Long Story Short' is a moving tale of a modern Jewish American family | category=None | failure=proposal_null
2025-08-22T10:12:33 | Failed to create new topic for article | HNDTAZ5I7 | to new topic None
2025-08-22T10:12:55 | Node relationship created | us_urban_crime->federal_intervention_in_black_cities | type=INFLUENCES
2025-08-22T10:12:55 | Replacement of article skipped | us_urban_crime | tf=current cnt=3 < 5
2025-08-22T10:12:55 | Added article | SPFMRVV3Q | to existing topic us_urban_crime
2025-08-22T10:13:04 | Node relationship created | us_border_security->us_illegal_immigration_2023 | type=INFLUENCES
2025-08-22T10:13:04 | Replacement of article skipped | us_border_security | tf=current cnt=3 < 5
2025-08-22T10:13:04 | Added article | SPFMRVV3Q | to existing topic us_border_security
2025-08-22T10:13:12 | Topic rejected | name=For Two or Three Days, a Surfer’s Paradise in New York City | category=None | failure=proposal_null
2025-08-22T10:13:12 | Failed to create new topic for article | BRWVIX0HV | to new topic None
2025-08-22T10:13:33 | Topic rejected | name=Hurricane Erin | category=event | failure=not_macro
2025-08-22T10:13:33 | Failed to create new topic for article | RAX1C61NL | to new topic None
2025-08-22T10:13:49 | Topic rejected | name=For a Reporter, Writing About Bear Attacks in Romania Was a Homecoming of Sorts | category=None | failure=proposal_null
2025-08-22T10:13:49 | Failed to create new topic for article | 7WOX0E5UG | to new topic None
2025-08-22T10:14:02 | Topic rejected | name=Qué significa gulag | category=None | failure=proposal_null
2025-08-22T10:14:02 | Failed to create new topic for article | EMYXVU8EE | to new topic None
2025-08-22T14:00:03 | Retrieved articles | Chinese A-Shares | Retrieved 10 from API
2025-08-22T14:18:41 | Retrieved articles | U.S.-China Trade Negotiations | Retrieved 10 from API
2025-08-22T14:22:02 | Node relationship created | us_chip_trade_policy->us_chip_export_controls | type=INFLUENCES
2025-08-22T14:22:02 | Replacement of article skipped | us_chip_trade_policy | tf=current cnt=2 < 5
2025-08-22T14:22:03 | Added article | 3T8AGCL7T | to existing topic us_chip_trade_policy
2025-08-22T14:22:21 | Node relationship removed | us_tariffs->us_tariffs_brazil | type=INFLUENCES
2025-08-22T14:22:21 | Error | - | Relationship remove error | us_tariffs->us_tariffs_brazil | type=INFLUENCES Error: Object of type DateTime is not JSON serializable
2025-08-22T14:22:50 | Node relationship created | us_tariffs->us_china_trade_war_2025 | type=INFLUENCES
2025-08-22T14:22:52 | Article replaced | us_tariffs | old=3MTLO018M new=5M9M1KACF
2025-08-22T14:22:53 | Triggered rewrite | us_tariffs | new_article=5M9M1KACF
2025-08-22T14:23:32 | Saved analysis | us_tariffs | field "fundamental_analysis" len=4014
2025-08-22T14:24:00 | Node relationship removed | us_tariffs->us_tariffs_pharmaceuticals_semiconductors | type=INFLUENCES
2025-08-22T14:24:00 | Error | - | Relationship remove error | us_tariffs->us_tariffs_pharmaceuticals_semiconductors | type=INFLUENCES Error: Object of type DateTime is not JSON serializable
2025-08-22T14:24:30 | Node relationship created | intel_ceo_management->ai_startup_ideation | type=INFLUENCES
2025-08-22T14:24:31 | Replacement of article skipped | intel_ceo_management | tf=current cnt=1 < 5
2025-08-22T14:24:31 | Added article | 0XD2DT5W5 | to existing topic intel_ceo_management
2025-08-22T14:24:43 | Node relationship created | us_chip_trade_policy->us_chip_sales_to_china | type=INFLUENCES
2025-08-22T14:24:43 | Replacement of article skipped | us_chip_trade_policy | tf=current cnt=3 < 5
2025-08-22T14:24:43 | Added article | 0XD2DT5W5 | to existing topic us_chip_trade_policy
2025-08-22T14:24:52 | Node relationship created | us_chip_export_controls->us_chip_trade_policy | type=INFLUENCES
2025-08-22T14:24:52 | Replacement of article skipped | us_chip_export_controls | tf=current cnt=1 < 5
2025-08-22T14:24:52 | Added article | 0XD2DT5W5 | to existing topic us_chip_export_controls
2025-08-22T14:25:10 | Node relationship created | us_china_tariffs->us_tariffs_on_technology | type=INFLUENCES
2025-08-22T14:25:10 | Replacement of article skipped | us_china_tariffs | tf=current cnt=1 < 5
2025-08-22T14:25:10 | Added article | ZCBJZ55IT | to existing topic us_china_tariffs
2025-08-22T14:25:17 | Node relationship created | us_china_trade_relations->us_china_supply_chain_risks | type=INFLUENCES
2025-08-22T14:25:17 | Replacement of article skipped | us_china_trade_relations | tf=current cnt=2 < 5
2025-08-22T14:25:18 | Added article | ZCBJZ55IT | to existing topic us_china_trade_relations
2025-08-22T14:25:51 | Node relationship removed | us_inflation->us_tariff_policies | type=INFLUENCES
2025-08-22T14:25:51 | Error | - | Relationship remove error | us_inflation->us_tariff_policies | type=INFLUENCES Error: Object of type DateTime is not JSON serializable
2025-08-22T14:26:14 | Node relationship created | us_chip_export_controls->us_chip_sales_to_china | type=INFLUENCES
2025-08-22T14:26:14 | Replacement of article skipped | us_chip_export_controls | tf=current cnt=2 < 5
2025-08-22T14:26:14 | Added article | X43KK9ZF8 | to existing topic us_chip_export_controls
2025-08-22T14:26:21 | Node relationship created | us_china_trade_talks->us_china_export_controls | type=INFLUENCES
2025-08-22T14:26:26 | Article replaced | us_china_trade_talks | old=PTJF3Y2GX new=X43KK9ZF8
2025-08-22T14:26:32 | Triggered rewrite | us_china_trade_talks | new_article=X43KK9ZF8
2025-08-22T14:26:55 | Node relationship created | us_china_trade_talks->us_china_ai_chip_agreement | type=INFLUENCES
2025-08-22T14:26:57 | Article replaced | us_china_trade_talks | old=X43KK9ZF8 new=0BHR62KGO
2025-08-22T14:26:59 | Triggered rewrite | us_china_trade_talks | new_article=0BHR62KGO
2025-08-22T14:26:59 | Pipeline complete | pipeline | run complete
2025-08-22T14:27:01 | Retrieved articles | Small Business Sentiment | Retrieved 10 from API
2025-08-22T14:28:15 | Topic rejected | name=Virgo season is here — and your love life is about to get a hard edit | category=None | failure=proposal_null
2025-08-22T14:28:16 | Failed to create new topic for article | YM63WQTA9 | to new topic None
2025-08-22T14:29:09 | Topic rejected | name=‘Metal Gear Solid Delta’ PlayStation 5 Review: Better Than The Original | category=None | failure=proposal_null
2025-08-22T14:29:09 | Failed to create new topic for article | 920WWSY4F | to new topic None
2025-08-22T14:29:20 | Topic rejected | name=Prince William and Harry’s cousin Lady Kitty Spencer, 34, spotted with rarely seen billionaire husband, 66, in Saint Tropez | category=None | failure=proposal_null
2025-08-22T14:29:20 | Failed to create new topic for article | TW7NEQP64 | to new topic None
2025-08-22T14:29:21 | Pipeline complete | pipeline | run complete
2025-08-22T14:29:22 | Retrieved articles | Portugal Migrant Influx | Retrieved 10 from API
2025-08-22T14:30:21 | Node relationship created | us_inflation->us_tariff_policies | type=INFLUENCES
2025-08-22T14:30:22 | Replacement of article skipped | us_inflation | tf=medium cnt=1 < 5
2025-08-22T14:30:22 | Added article | RZ98H01JR | to existing topic us_inflation
2025-08-22T14:33:16 | Topic rejected | name=Sinkhole the size of 10p coin forces closure of road | category=None | failure=proposal_null
2025-08-22T14:33:17 | Failed to create new topic for article | NQ7Y9Q0IM | to new topic None
2025-08-22T14:33:44 | Node relationship created | ukraine_geopolitical_security->ukraine_peace_negotiations | type=INFLUENCES
2025-08-22T14:33:44 | Replacement of article skipped | ukraine_geopolitical_security | tf=current cnt=2 < 5
2025-08-22T14:33:44 | Added article | 2OBUB4D40 | to existing topic ukraine_geopolitical_security
2025-08-22T14:34:04 | Topic rejected | name=Budget Bites: Rodeo Goat's Ozzmosis | category=None | failure=proposal_null
2025-08-22T14:34:04 | Failed to create new topic for article | MQJWCGC3R | to new topic None
2025-08-22T14:34:29 | Replacement of article skipped | us_inflation | tf=medium cnt=2 < 5
2025-08-22T14:34:29 | Added article | 9LQ0QNPWD | to existing topic us_inflation
2025-08-22T14:34:39 | Node relationship created | us_tariffs->us_inflation_stock_impact | type=INFLUENCES
2025-08-22T14:34:40 | Article replaced | us_tariffs | old=YJ1DDL8O8 new=9LQ0QNPWD
2025-08-22T14:34:42 | Triggered rewrite | us_tariffs | new_article=9LQ0QNPWD
2025-08-22T14:35:17 | Saved analysis | us_tariffs | field "fundamental_analysis" len=3103
2025-08-22T14:35:45 | Node relationship created | sp500->us_tariffs_on_technology | type=INFLUENCES
2025-08-22T14:35:45 | Replacement of article skipped | sp500 | tf=current cnt=4 < 5
2025-08-22T14:35:45 | Added article | YSU7OG1UH | to existing topic sp500
2025-08-22T14:36:15 | Node relationship created | us_border_security->us_net_migration | type=INFLUENCES
2025-08-22T14:36:15 | Replacement of article skipped | us_border_security | tf=current cnt=4 < 5
2025-08-22T14:36:15 | Added article | CXGM0ZKFR | to existing topic us_border_security
2025-08-22T14:36:24 | Relationship duplicate | us_border_security->us_illegal_immigration_2023 | type=INFLUENCES
2025-08-22T14:36:24 | Replacement of article skipped | us_illegal_immigration_2023 | tf=current cnt=1 < 5
2025-08-22T14:36:24 | Added article | CXGM0ZKFR | to existing topic us_illegal_immigration_2023
2025-08-22T14:36:36 | Pipeline complete | pipeline | run complete
2025-08-22T14:36:38 | Retrieved articles | David Nierenberg Investment Strategy | Retrieved 10 from API
2025-08-22T14:38:54 | Topic rejected | name=Three Powerhouse Real Teams Unite to Form Benson Crew | category=None | failure=proposal_null
2025-08-22T14:38:54 | Failed to create new topic for article | DGCWB7LJP | to new topic None
2025-08-22T14:39:20 | Node relationship removed | sp500->us_inflation_stock_impact | type=INFLUENCES
2025-08-22T14:39:20 | Error | - | Relationship remove error | sp500->us_inflation_stock_impact | type=INFLUENCES Error: Object of type DateTime is not JSON serializable
2025-08-22T14:41:10 | Node relationship created | investment_risks->us_10y | type=INFLUENCES
2025-08-22T14:41:10 | Replacement of article skipped | investment_risks | tf=fundamental cnt=4 < 5
2025-08-22T14:41:10 | Added article | 4BFO8TB1K | to existing topic investment_risks
2025-08-22T14:41:44 | Node relationship created | us_stock_buybacks->us_tariffs_pharmaceuticals_semiconductors | type=INFLUENCES
2025-08-22T14:41:44 | Replacement of article skipped | us_stock_buybacks | tf=current cnt=2 < 5
2025-08-22T14:41:44 | Added article | BIETVIXJK | to existing topic us_stock_buybacks
2025-08-22T14:41:55 | Node relationship created | corporate_governance->sustainability_leadership | type=INFLUENCES
2025-08-22T14:41:55 | Replacement of article skipped | corporate_governance | tf=current cnt=1 < 5
2025-08-22T14:41:56 | Added article | BIETVIXJK | to existing topic corporate_governance
2025-08-22T14:42:03 | Pipeline complete | pipeline | run complete
2025-08-22T14:42:04 | Retrieved articles | Fannie Mae and Freddie Mac Merger | Retrieved 10 from API
2025-08-22T14:44:19 | Topic rejected | name=Amazon Brings Back the New Fire TV Stick 4K at a Clearance-Level Price for Early Labor Day Deals | category=None | failure=proposal_null
2025-08-22T14:44:20 | Failed to create new topic for article | UWPKSAU8T | to new topic None
2025-08-22T14:44:32 | Topic rejected | name=A 'West Marches-style' game could make for Critical Role's most interesting campaign yet | category=None | failure=proposal_null
2025-08-22T14:44:32 | Failed to create new topic for article | EXHPZT7SE | to new topic None
2025-08-22T14:44:42 | Topic rejected | name=Camera Control is being redesigned for iPhone 18, not abandoned | category=None | failure=proposal_null
2025-08-22T14:44:42 | Failed to create new topic for article | JIA2HRVV2 | to new topic None
2025-08-22T14:46:16 | Node relationship removed | us_inflation->us_tariff_policies | type=INFLUENCES
2025-08-22T14:46:16 | Error | - | Relationship remove error | us_inflation->us_tariff_policies | type=INFLUENCES Error: Object of type DateTime is not JSON serializable
2025-08-22T14:46:26 | Topic rejected | name=The Pixel 10 Pro XL Goes to Paris: Out of Hundreds of Photos, These Are My Favs | category=None | failure=proposal_null
2025-08-22T14:46:27 | Failed to create new topic for article | VPVLD3R7O | to new topic None
2025-08-22T14:47:05 | Retrieved articles | Sustainability Reframing in Business | Retrieved 10 from API
2025-08-22T14:48:04 | Pipeline complete | pipeline | run complete
2025-08-22T14:48:05 | Retrieved articles | US Inflation Manipulation | Retrieved 10 from API
2025-08-22T14:48:57 | Pipeline complete | pipeline | run complete
2025-08-22T14:48:58 | Retrieved articles | REPO Speedrun Seeds | Retrieved 10 from API
2025-08-22T14:49:41 | Pipeline complete | pipeline | run complete
2025-08-22T14:49:41 | Retrieved articles | US Immigration Conditions | Retrieved 10 from API
2025-08-22T14:50:50 | Pipeline complete | pipeline | run complete
2025-08-22T14:50:51 | Retrieved articles | Ethan Guo Incident | Retrieved 10 from API
2025-08-22T14:53:50 | Pipeline complete | pipeline | run complete
2025-08-22T14:53:50 | Retrieved articles | China-Brazil Cooperation | Retrieved 10 from API
2025-08-22T14:54:25 | Retrieved articles | Lower Interest Rates | Retrieved 10 from API
2025-08-22T14:56:30 | Node relationship removed | us_tariffs->us_inflation_stock_impact | type=INFLUENCES
2025-08-22T14:56:31 | Error | - | Relationship remove error | us_tariffs->us_inflation_stock_impact | type=INFLUENCES Error: Object of type DateTime is not JSON serializable
2025-08-22T14:56:42 | Pipeline complete | pipeline | run complete
2025-08-22T14:56:43 | Retrieved articles | Novelis Senior Notes 2033 | Retrieved 10 from API
2025-08-22T14:59:34 | Node relationship removed | fed_policy->closed_end_fund_distribution_policy | type=INFLUENCES
2025-08-22T14:59:35 | Error | - | Relationship remove error | fed_policy->closed_end_fund_distribution_policy | type=INFLUENCES Error: Object of type DateTime is not JSON serializable
2025-08-22T14:59:59 | Pipeline complete | pipeline | run complete
2025-08-22T15:00:01 | Retrieved articles | Third-Party Cybersecurity Risks | Retrieved 10 from API
2025-08-22T15:01:47 | Pipeline complete | pipeline | run complete
2025-08-22T15:01:48 | Retrieved articles | Ruben Amorim's Tactical Philosophy | Retrieved 10 from API
2025-08-22T15:04:04 | Pipeline complete | pipeline | run complete
2025-08-22T15:04:05 | Retrieved articles | USDC Stablecoin | Retrieved 10 from API
2025-08-22T15:04:35 | Pipeline complete | pipeline | run complete
2025-08-22T15:04:36 | Retrieved articles | Rare Earth Elements | Retrieved 10 from API
2025-08-22T15:06:28 | Node relationship created | us_tariffs->us_tariffs_brazil | type=INFLUENCES
2025-08-22T15:06:28 | Replacement of article skipped | us_tariffs | tf=current cnt=4 < 5
2025-08-22T15:06:28 | Added article | DGG6HXUFZ | to existing topic us_tariffs
2025-08-22T15:06:48 | Node relationship created | us_trade_policy_inflation->us_tariff_policies | type=INFLUENCES
2025-08-22T15:06:48 | Replacement of article skipped | us_trade_policy_inflation | tf=current cnt=1 < 5
2025-08-22T15:06:48 | Added article | DGG6HXUFZ | to existing topic us_trade_policy_inflation
2025-08-22T15:07:36 | Node relationship created | us_inflation->us_inflation_impact_on_bitcoin | type=INFLUENCES
2025-08-22T15:07:36 | Replacement of article skipped | us_inflation | tf=current cnt=2 < 5
2025-08-22T15:07:37 | Added article | 18W4L9NYR | to existing topic us_inflation
2025-08-22T15:07:55 | Node relationship created | us_bureau_of_labor_statistics->core_monthly_cpi | type=INFLUENCES
2025-08-22T15:07:56 | Replacement of article skipped | us_bureau_of_labor_statistics | tf=current cnt=2 < 5
2025-08-22T15:07:56 | Added article | 18W4L9NYR | to existing topic us_bureau_of_labor_statistics
2025-08-22T15:08:04 | Node relationship created | fed_policy->us_tariffs | type=INFLUENCES
2025-08-22T15:08:05 | Article replaced | fed_policy | old=EADW9U5TS new=18W4L9NYR
2025-08-22T15:08:08 | Triggered rewrite | fed_policy | new_article=18W4L9NYR
2025-08-22T15:08:43 | Saved analysis | fed_policy | field "fundamental_analysis" len=2923
2025-08-22T15:08:48 | Pipeline complete | pipeline | run complete
2025-08-22T15:08:49 | Retrieved articles | Access to Private Markets | Retrieved 10 from API
2025-08-22T15:10:16 | Node relationship created | sp500->us_tariffs_semiconductors | type=INFLUENCES
2025-08-22T15:10:20 | Article replaced | sp500 | old=EOJW5JXVQ new=JIOBA1VPM
2025-08-22T15:10:24 | Triggered rewrite | sp500 | new_article=JIOBA1VPM
2025-08-22T15:11:04 | Saved analysis | sp500 | field "fundamental_analysis" len=3188
2025-08-22T15:11:53 | Pipeline complete | pipeline | run complete
2025-08-22T15:11:54 | Retrieved articles | Ukraine Post-War Instability | Retrieved 10 from API
2025-08-22T15:12:10 | Retrieved articles | Microbial Protein | Retrieved 10 from API
2025-08-22T15:14:21 | Node relationship removed | sp500->us_stock_buybacks | type=INFLUENCES
2025-08-22T15:14:21 | Error | - | Relationship remove error | sp500->us_stock_buybacks | type=INFLUENCES Error: Object of type DateTime is not JSON serializable
2025-08-22T15:15:08 | Node relationship removed | us_tariffs->us_tariffs_brazil | type=INFLUENCES
2025-08-22T15:15:09 | Error | - | Relationship remove error | us_tariffs->us_tariffs_brazil | type=INFLUENCES Error: Object of type DateTime is not JSON serializable
2025-08-22T15:15:40 | Node relationship removed | us_inflation->us_inflation_impact_on_bitcoin | type=INFLUENCES
2025-08-22T15:15:40 | Error | - | Relationship remove error | us_inflation->us_inflation_impact_on_bitcoin | type=INFLUENCES Error: Object of type DateTime is not JSON serializable
2025-08-22T15:15:56 | Node relationship created | us_inflation->us_trade_policy_inflation | type=INFLUENCES
2025-08-22T15:15:56 | Replacement of article skipped | us_inflation | tf=current cnt=4 < 5
2025-08-22T15:15:56 | Added article | RNFI7J8QE | to existing topic us_inflation
2025-08-22T15:16:09 | Node relationship created | us_stock_buybacks->us_10y | type=INFLUENCES
2025-08-22T15:16:09 | Replacement of article skipped | us_stock_buybacks | tf=current cnt=3 < 5
2025-08-22T15:16:09 | Added article | RNFI7J8QE | to existing topic us_stock_buybacks
2025-08-22T15:16:09 | Pipeline complete | pipeline | run complete
2025-08-22T15:16:10 | Retrieved articles | Grok 4 | Retrieved 10 from API
2025-08-22T15:17:04 | Node relationship removed | oil->us_tariffs_brazil | type=INFLUENCES
2025-08-22T15:17:04 | Error | - | Relationship remove error | oil->us_tariffs_brazil | type=INFLUENCES Error: Object of type DateTime is not JSON serializable
2025-08-22T15:17:46 | Node relationship removed | us_inflation->us_wholesale_inflation | type=INFLUENCES
2025-08-22T15:17:46 | Error | - | Relationship remove error | us_inflation->us_wholesale_inflation | type=INFLUENCES Error: Object of type DateTime is not JSON serializable
2025-08-22T15:18:06 | Node relationship created | us_chip_trade_policy->us_tariffs_on_technology | type=INFLUENCES
2025-08-22T15:18:06 | Replacement of article skipped | us_chip_trade_policy | tf=medium cnt=1 < 5
2025-08-22T15:18:06 | Added article | M5N888WD1 | to existing topic us_chip_trade_policy
2025-08-22T15:18:15 | Node relationship created | us_inflation->us_tariffs_pharmaceuticals_semiconductors | type=INFLUENCES
2025-08-22T15:18:15 | Replacement of article skipped | us_inflation | tf=medium cnt=4 < 5
2025-08-22T15:18:16 | Added article | M5N888WD1 | to existing topic us_inflation
2025-08-22T15:18:25 | Node relationship created | us_treasury_yields->usd | type=INFLUENCES
2025-08-22T15:18:26 | Replacement of article skipped | us_treasury_yields | tf=medium cnt=1 < 5
2025-08-22T15:18:26 | Added article | M5N888WD1 | to existing topic us_treasury_yields
2025-08-22T15:19:01 | Node relationship removed | us_inflation->us_tariffs_pharmaceuticals_semiconductors | type=INFLUENCES
2025-08-22T15:19:01 | Error | - | Relationship remove error | us_inflation->us_tariffs_pharmaceuticals_semiconductors | type=INFLUENCES Error: Object of type DateTime is not JSON serializable
2025-08-22T15:19:26 | Node relationship created | us_stock_buybacks->us_tariffs_on_technology | type=INFLUENCES
2025-08-22T15:19:26 | Replacement of article skipped | us_stock_buybacks | tf=medium cnt=1 < 5
2025-08-22T15:19:26 | Added article | TOQMEXODG | to existing topic us_stock_buybacks
2025-08-22T15:19:47 | Node relationship created | us_agriculture_foreign_labor->wheat | type=INFLUENCES
2025-08-22T15:19:47 | Replacement of article skipped | us_agriculture_foreign_labor | tf=medium cnt=1 < 5
2025-08-22T15:19:47 | Added article | XYI9ECU2F | to existing topic us_agriculture_foreign_labor
2025-08-22T15:20:00 | Node relationship created | us_border_security->us_tariffs_pharmaceuticals_semiconductors | type=INFLUENCES
2025-08-22T15:20:00 | Replacement of article skipped | us_border_security | tf=medium cnt=1 < 5
2025-08-22T15:20:01 | Added article | XYI9ECU2F | to existing topic us_border_security
2025-08-22T15:20:11 | Node relationship created | us_student_loan_repayment->us_fiscal_outlook | type=INFLUENCES
2025-08-22T15:20:11 | Replacement of article skipped | us_student_loan_repayment | tf=medium cnt=1 < 5
2025-08-22T15:20:11 | Added article | XYI9ECU2F | to existing topic us_student_loan_repayment
2025-08-22T15:20:11 | Pipeline complete | pipeline | run complete
2025-08-22T15:20:12 | Retrieved articles | Video Platform as a Service (VPaaS) Market | Retrieved 10 from API
2025-08-22T15:20:44 | Retrieved articles | Societal Divide | Retrieved 10 from API
2025-08-22T15:21:31 | Node relationship created | us_inflation->us_tariffs | type=INFLUENCES
2025-08-22T15:21:34 | Article replaced | us_inflation | old=UKUZAFH90 new=OM5W275KR
2025-08-22T15:21:36 | Triggered rewrite | us_inflation | new_article=OM5W275KR
2025-08-22T15:22:15 | Saved analysis | us_inflation | field "fundamental_analysis" len=3120
2025-08-22T15:22:38 | Node relationship created | us_stock_buybacks->us_chip_export_controls | type=INFLUENCES
2025-08-22T15:22:38 | Replacement of article skipped | us_stock_buybacks | tf=current cnt=4 < 5
2025-08-22T15:22:38 | Added article | ZZKMI48VA | to existing topic us_stock_buybacks
2025-08-22T15:22:56 | Node relationship created | sp500->eurostoxx50 | type=PEERS
2025-08-22T15:22:56 | Replacement of article skipped | sp500 | tf=fundamental cnt=4 < 5
2025-08-22T15:22:57 | Added article | DBFSBGOEX | to existing topic sp500
2025-08-22T15:23:13 | Node relationship created | us_stock_buybacks->political_influence_on_stocks | type=INFLUENCES
2025-08-22T15:23:14 | No replacement of article | us_stock_buybacks | new_article=V5SEROCMY
2025-08-22T15:23:17 | Triggered rewrite | us_stock_buybacks | new_article=V5SEROCMY
2025-08-22T15:23:49 | Saved analysis | us_stock_buybacks | field "fundamental_analysis" len=3487
2025-08-22T15:24:07 | Node relationship created | us_chip_revenue_policy->us_tariffs_semiconductors | type=INFLUENCES
2025-08-22T15:24:07 | Replacement of article skipped | us_chip_revenue_policy | tf=medium cnt=1 < 5
2025-08-22T15:24:07 | Added article | NF3DXQ549 | to existing topic us_chip_revenue_policy
2025-08-22T15:24:21 | Node relationship created | us_treasury_yields->us_10y | type=INFLUENCES
2025-08-22T15:24:21 | Replacement of article skipped | us_treasury_yields | tf=medium cnt=2 < 5
2025-08-22T15:24:21 | Added article | NF3DXQ549 | to existing topic us_treasury_yields
2025-08-22T15:24:21 | Pipeline complete | pipeline | run complete
2025-08-22T15:24:22 | Retrieved articles | Iran Nuclear Sanctions | Retrieved 10 from API
2025-08-22T15:25:15 | Node relationship created | ai_in_education->ai_in_k12_education | type=INFLUENCES
2025-08-22T15:25:15 | Replacement of article skipped | ai_in_education | tf=current cnt=1 < 5
2025-08-22T15:25:15 | Added article | 9VIEI1IRU | to existing topic ai_in_education
2025-08-22T15:25:30 | Node relationship created | ai_impact_on_software_industry->ai_supply_chain_optimization | type=INFLUENCES
2025-08-22T15:25:30 | Replacement of article skipped | ai_impact_on_software_industry | tf=current cnt=1 < 5
2025-08-22T15:25:30 | Added article | 9VIEI1IRU | to existing topic ai_impact_on_software_industry
2025-08-22T15:25:45 | Node relationship created | ai_productivity->ai_infrastructure | type=INFLUENCES
2025-08-22T15:25:45 | Replacement of article skipped | ai_productivity | tf=current cnt=1 < 5
2025-08-22T15:25:45 | Added article | 9VIEI1IRU | to existing topic ai_productivity
2025-08-22T15:25:45 | Pipeline complete | pipeline | run complete
2025-08-22T15:25:46 | Retrieved articles | Behavioral Finance | Retrieved 10 from API
2025-08-22T15:28:00 | Node relationship removed | us_inflation->us_inflation_expectations | type=INFLUENCES
2025-08-22T15:28:00 | Node relationship created | us_inflation->us_wholesale_inflation | type=INFLUENCES
2025-08-22T15:28:02 | Article replaced | us_inflation | old=18W4L9NYR new=9BXUPWMV9
2025-08-22T15:28:04 | Triggered rewrite | us_inflation | new_article=9BXUPWMV9
2025-08-22T15:28:44 | Saved analysis | us_inflation | field "fundamental_analysis" len=2636
2025-08-22T15:29:24 | Node relationship removed | us_inflation->us_inflation_impact_on_stocks | type=INFLUENCES
2025-08-22T15:29:25 | Node relationship created | us_inflation->eurusd | type=INFLUENCES
2025-08-22T15:29:27 | No replacement of article | us_inflation | new_article=YUJ7ZHQTN
2025-08-22T15:29:27 | Added article | YUJ7ZHQTN | to existing topic us_inflation
2025-08-22T15:29:43 | Node relationship created | us_stock_buybacks->us_chip_revenue_policy | type=INFLUENCES
2025-08-22T15:29:45 | Article replaced | us_stock_buybacks | old=QN8BJOAKI new=YUJ7ZHQTN
2025-08-22T15:29:47 | Triggered rewrite | us_stock_buybacks | new_article=YUJ7ZHQTN
2025-08-22T15:30:17 | Saved analysis | us_stock_buybacks | field "fundamental_analysis" len=3373
2025-08-22T15:30:38 | Node relationship created | trump_dc_police_federalization->dc_police_federal_takeover | type=INFLUENCES
2025-08-22T15:30:38 | Replacement of article skipped | dc_police_federal_takeover | tf=current cnt=1 < 5
2025-08-22T15:30:39 | Added article | GUBBEMNJM | to existing topic dc_police_federal_takeover
2025-08-22T15:30:49 | Node relationship created | trump_dc_police_federalization->trump_federal_control_dc | type=INFLUENCES
2025-08-22T15:30:49 | Replacement of article skipped | trump_dc_police_federalization | tf=current cnt=1 < 5
2025-08-22T15:30:49 | Added article | GUBBEMNJM | to existing topic trump_dc_police_federalization
2025-08-22T15:31:07 | Node relationship created | us_border_security->us_tariffs_brazil | type=INFLUENCES
2025-08-22T15:31:09 | Article replaced | us_border_security | old=3AL61B1XI new=GUBBEMNJM
2025-08-22T15:31:14 | Triggered rewrite | us_border_security | new_article=GUBBEMNJM
2025-08-22T15:32:07 | Saved analysis | us_border_security | field "fundamental_analysis" len=3705
2025-08-22T15:32:34 | Node relationship created | us_tariffs_brazil->us_inflation_expectations | type=INFLUENCES
2025-08-22T15:32:34 | Replacement of article skipped | us_tariffs_brazil | tf=current cnt=1 < 5
2025-08-22T15:32:34 | Added article | P55MBWM3N | to existing topic us_tariffs_brazil
2025-08-22T15:32:41 | Pipeline complete | pipeline | run complete
2025-08-22T15:32:42 | Retrieved articles | AI Unicorn Valuations | Retrieved 10 from API
2025-08-22T15:33:28 | Node relationship removed | us_inflation->core_monthly_cpi | type=INFLUENCES
2025-08-22T15:33:29 | Node relationship created | us_inflation->us_inflation_expectations | type=INFLUENCES
2025-08-22T15:33:30 | Article replaced | us_inflation | old=T3TLS356T new=HW5TSPJ8K
2025-08-22T15:33:31 | Triggered rewrite | us_inflation | new_article=HW5TSPJ8K
2025-08-22T15:34:22 | Saved analysis | us_inflation | field "fundamental_analysis" len=3347
2025-08-22T15:34:46 | Node relationship removed | us_inflation->stagflation | type=INFLUENCES
2025-08-22T15:34:47 | Node relationship created | us_inflation->core_monthly_cpi | type=INFLUENCES
2025-08-22T15:34:49 | Article replaced | us_inflation | old=TDFY5J3YJ new=IPZ9X5BYF
2025-08-22T15:34:50 | Triggered rewrite | us_inflation | new_article=IPZ9X5BYF
2025-08-22T15:35:36 | Saved analysis | us_inflation | field "fundamental_analysis" len=3133
2025-08-22T15:36:05 | Node relationship removed | us_inflation->us_trade_policy_inflation | type=INFLUENCES
2025-08-22T15:36:06 | Node relationship created | us_inflation->us_inflation_impact_on_stocks | type=INFLUENCES
2025-08-22T15:36:08 | Article replaced | us_inflation | old=IPZ9X5BYF new=B24G6E46L
2025-08-22T15:36:10 | Triggered rewrite | us_inflation | new_article=B24G6E46L
2025-08-22T15:37:04 | Saved analysis | us_inflation | field "fundamental_analysis" len=3151
2025-08-22T15:37:32 | Node relationship removed | us_inflation->us_tariffs | type=INFLUENCES
2025-08-22T15:37:32 | Node relationship created | us_inflation->us_tariff_policies | type=INFLUENCES
2025-08-22T15:37:34 | Article replaced | us_inflation | old=RZ98H01JR new=G81O1C410
2025-08-22T15:37:35 | Triggered rewrite | us_inflation | new_article=G81O1C410
2025-08-22T15:38:18 | Saved analysis | us_inflation | field "fundamental_analysis" len=3064
2025-08-22T15:38:18 | Pipeline complete | pipeline | run complete
2025-08-22T15:38:19 | Retrieved articles | Psychedelic Therapies | Retrieved 10 from API
2025-08-22T15:52:22 | Node relationship created | us_chip_trade_policy->us_chip_trade_china | type=INFLUENCES
2025-08-22T15:52:22 | Replacement of article skipped | us_chip_trade_policy | tf=current cnt=4 < 5
2025-08-22T15:52:22 | Added article | 3M2SHE57Q | to existing topic us_chip_trade_policy
2025-08-22T15:52:39 | Node relationship removed | us_inflation->core_monthly_cpi | type=INFLUENCES
2025-08-22T15:52:39 | Error | - | Relationship create error | us_inflation->us_trade_policy_and_inflation | type=INFLUENCES Error: Cannot create link: source or target node missing. Link: {'motivation': 'US inflation is a primary driver of U.S. trade policy decisions aimed at managing inflationary pressures, making it a key influ
2025-08-22T15:52:59 | Node relationship created | us_inflation->us_trade_policy_inflation | type=INFLUENCES
2025-08-22T15:53:02 | No replacement of article | us_inflation | new_article=VSD8OH1LE
2025-08-22T15:53:02 | Added article | VSD8OH1LE | to existing topic us_inflation
2025-08-22T15:53:33 | Node relationship removed | ukraine_geopolitical_security->us_inflation | type=INFLUENCES
2025-08-22T15:53:33 | Node relationship created | ukraine_geopolitical_security->ukraine_diplomacy | type=INFLUENCES
2025-08-22T15:53:35 | Article replaced | ukraine_geopolitical_security | old=NUGGFHR1S new=08HOWY6HE
2025-08-22T15:53:37 | Triggered rewrite | ukraine_geopolitical_security | new_article=08HOWY6HE
2025-08-22T15:54:13 | Saved analysis | ukraine_geopolitical_security | field "fundamental_analysis" len=3459
2025-08-22T15:54:18 | Pipeline complete | pipeline | run complete
2025-08-22T15:54:20 | Retrieved articles | Hong Kong Residential Construction Growth | Retrieved 10 from API
2025-08-22T16:08:31 | Node relationship removed | fed_policy->us_tariff_policies | type=INFLUENCES
2025-08-22T16:08:31 | Node relationship created | fed_policy->core_monthly_cpi | type=INFLUENCES
2025-08-22T16:08:33 | Article replaced | fed_policy | old=JRW8XK0QX new=WUWLQ9S4N
2025-08-22T16:08:35 | Triggered rewrite | fed_policy | new_article=WUWLQ9S4N
2025-08-22T16:09:06 | Saved analysis | fed_policy | field "fundamental_analysis" len=2763
2025-08-22T16:09:22 | Article replaced | sp500 | old=YSU7OG1UH new=HE99QDK4J
2025-08-22T16:09:24 | Triggered rewrite | sp500 | new_article=HE99QDK4J
2025-08-22T16:10:06 | Saved analysis | sp500 | field "fundamental_analysis" len=3095
2025-08-22T16:10:30 | No replacement of article | us_inflation | new_article=TO2X2W4B3
2025-08-22T16:10:30 | Added article | TO2X2W4B3 | to existing topic us_inflation
2025-08-22T16:10:42 | Node relationship created | us_student_loan_repayment->us_inflation_expectations | type=INFLUENCES
2025-08-22T16:10:42 | Replacement of article skipped | us_student_loan_repayment | tf=current cnt=1 < 5
2025-08-22T16:10:42 | Added article | TO2X2W4B3 | to existing topic us_student_loan_repayment
2025-08-22T16:10:50 | Node relationship created | us_border_security->us_border_security_policy | type=INFLUENCES
2025-08-22T16:10:52 | Article replaced | us_border_security | old=96G2S9DQ8 new=TO2X2W4B3
2025-08-22T16:10:54 | Triggered rewrite | us_border_security | new_article=TO2X2W4B3
2025-08-22T16:11:36 | Saved analysis | us_border_security | field "fundamental_analysis" len=3392
2025-08-22T16:11:58 | Article replaced | us_inflation | old=RNFI7J8QE new=LHD5VA4OU
2025-08-22T16:12:00 | Triggered rewrite | us_inflation | new_article=LHD5VA4OU
2025-08-22T16:12:49 | Saved analysis | us_inflation | field "fundamental_analysis" len=3598
2025-08-22T16:13:21 | Node relationship created | us_chip_trade_policy->us_china_tariffs | type=INFLUENCES
2025-08-22T16:13:23 | Article replaced | us_chip_trade_policy | old=UV9M96PL6 new=G33PHQQHD
2025-08-22T16:13:25 | Triggered rewrite | us_chip_trade_policy | new_article=G33PHQQHD
2025-08-22T16:14:04 | Saved analysis | us_chip_trade_policy | field "fundamental_analysis" len=3216
2025-08-22T16:14:28 | Node relationship removed | ukraine_geopolitical_security->us_trade_policy_inflation | type=INFLUENCES
2025-08-22T16:14:29 | Node relationship created | ukraine_geopolitical_security->eu_geopolitics_ukraine | type=INFLUENCES
2025-08-22T16:14:31 | Article replaced | ukraine_geopolitical_security | old=08HOWY6HE new=K0V1J0WA2
2025-08-22T16:14:34 | Triggered rewrite | ukraine_geopolitical_security | new_article=K0V1J0WA2
2025-08-22T16:15:15 | Saved analysis | ukraine_geopolitical_security | field "fundamental_analysis" len=3507
2025-08-22T16:15:45 | Article replaced | us_inflation | old=6MM85QKJU new=SGMY2QN32
2025-08-22T16:15:47 | Triggered rewrite | us_inflation | new_article=SGMY2QN32
2025-08-22T16:16:25 | Saved analysis | us_inflation | field "fundamental_analysis" len=3007
2025-08-22T16:16:25 | Pipeline complete | pipeline | run complete
2025-08-22T16:16:27 | Retrieved articles | Eurostoxx 50 | Retrieved 0 from API
2025-08-22T16:16:27 | Pipeline complete | pipeline | run complete
2025-08-22T16:16:29 | Retrieved articles | Oil | Retrieved 10 from API
2025-08-22T16:17:56 | Node relationship created | us_student_loan_repayment->us_inflation_data | type=INFLUENCES
2025-08-22T16:17:57 | Replacement of article skipped | us_student_loan_repayment | tf=current cnt=2 < 5
2025-08-22T16:17:57 | Added article | 4VIGPLZ0L | to existing topic us_student_loan_repayment
2025-08-22T16:18:29 | Article replaced | us_inflation | old=OM5W275KR new=8PKUF1A17
2025-08-22T16:18:32 | Triggered rewrite | us_inflation | new_article=8PKUF1A17
2025-08-22T16:19:15 | Saved analysis | us_inflation | field "fundamental_analysis" len=3545
2025-08-22T16:19:42 | Node relationship removed | us_inflation->us_tariff_policies | type=INFLUENCES
2025-08-22T16:19:42 | Node relationship created | us_inflation->core_monthly_cpi | type=INFLUENCES
2025-08-22T16:19:45 | Article replaced | us_inflation | old=9BXUPWMV9 new=KG6I1KTXK
2025-08-22T16:19:47 | Triggered rewrite | us_inflation | new_article=KG6I1KTXK
2025-08-22T16:20:28 | Saved analysis | us_inflation | field "fundamental_analysis" len=3264
2025-08-22T16:20:59 | Node relationship removed | us_stock_buybacks->us_chip_revenue_policy | type=INFLUENCES
2025-08-22T16:20:59 | Node relationship created | us_stock_buybacks->us_tariff_policies | type=INFLUENCES
2025-08-22T16:21:01 | No replacement of article | us_stock_buybacks | new_article=MO5KYIB8Y
2025-08-22T16:21:01 | Added article | MO5KYIB8Y | to existing topic us_stock_buybacks
2025-08-22T16:21:19 | Node relationship removed | us_inflation->eurusd | type=INFLUENCES
2025-08-22T16:21:19 | Node relationship created | us_inflation->us_tariff_policies | type=INFLUENCES
2025-08-22T16:21:21 | Article replaced | us_inflation | old=YUJ7ZHQTN new=MO5KYIB8Y
2025-08-22T16:21:24 | Triggered rewrite | us_inflation | new_article=MO5KYIB8Y
2025-08-22T16:22:10 | Saved analysis | us_inflation | field "fundamental_analysis" len=3043
2025-08-22T16:22:34 | Article replaced | sp500 | old=P6M3X13SD new=261HLL6EA
2025-08-22T16:22:36 | Triggered rewrite | sp500 | new_article=261HLL6EA
2025-08-22T16:23:22 | Saved analysis | sp500 | field "fundamental_analysis" len=3098
2025-08-22T16:23:52 | Node relationship removed | us_inflation->us_inflation_impact_on_stocks | type=INFLUENCES
2025-08-22T16:23:52 | Node relationship created | us_inflation->india_retail_inflation | type=INFLUENCES
2025-08-22T16:23:54 | Article replaced | us_inflation | old=HW5TSPJ8K new=9RJE2UAZM
2025-08-22T16:23:56 | Triggered rewrite | us_inflation | new_article=9RJE2UAZM
2025-08-22T16:24:36 | Saved analysis | us_inflation | field "fundamental_analysis" len=3044
2025-08-22T16:25:09 | Node relationship removed | us_inflation->india_retail_inflation | type=INFLUENCES
2025-08-22T16:25:09 | Node relationship created | us_inflation->us_inflation_impact_on_stocks | type=INFLUENCES
2025-08-22T16:25:12 | Article replaced | us_inflation | old=B24G6E46L new=GORPIJR2F
2025-08-22T16:25:15 | Triggered rewrite | us_inflation | new_article=GORPIJR2F
2025-08-22T16:26:02 | Saved analysis | us_inflation | field "fundamental_analysis" len=3060
2025-08-22T16:26:03 | Pipeline complete | pipeline | run complete
2025-08-22T16:26:04 | Retrieved articles | Value Perception in Fast Casual Dining | Retrieved 10 from API
2025-08-22T16:28:30 | Saved analysis | eurusd | field "current_analysis" len=2948
2025-08-22T16:28:30 | Rewrite complete | eurusd | total_chars=2948
2025-08-22T16:29:55 | Saved analysis | eurusd | field "fundamental_analysis" len=3360
2025-08-22T16:30:51 | Saved analysis | eurusd | field "medium_analysis" len=2243
2025-08-22T16:31:38 | Saved analysis | eurusd | field "current_analysis" len=3174
2025-08-22T16:32:15 | Saved analysis | eurusd | field "drivers" len=3531
2025-08-22T16:32:46 | Saved analysis | eurusd | field "movers_scenarios" len=1001
2025-08-22T16:33:38 | Saved analysis | eurusd | field "swing_trade_or_outlook" len=4231
2025-08-22T16:34:23 | Saved analysis | eurusd | field "executive_summary" len=1821
2025-08-22T16:34:23 | Rewrite complete | eurusd | total_chars=19361
